02-Dec-2020 19:51:30.155 정보 [main] org.apache.catalina.startup.VersionLoggerListener.log 서버 버전 이름:    Apache Tomcat/8.5.60
02-Dec-2020 19:51:30.235 정보 [main] org.apache.catalina.startup.VersionLoggerListener.log Server 빌드 시각:  Nov 12 2020 17:31:55 UTC
02-Dec-2020 19:51:30.236 정보 [main] org.apache.catalina.startup.VersionLoggerListener.log Server 버전 번호:  8.5.60.0
02-Dec-2020 19:51:30.236 정보 [main] org.apache.catalina.startup.VersionLoggerListener.log 운영체제 이름:     Windows 10
02-Dec-2020 19:51:30.237 정보 [main] org.apache.catalina.startup.VersionLoggerListener.log 운영체제 버전:     10.0
02-Dec-2020 19:51:30.237 정보 [main] org.apache.catalina.startup.VersionLoggerListener.log 아키텍처:          amd64
02-Dec-2020 19:51:30.238 정보 [main] org.apache.catalina.startup.VersionLoggerListener.log 자바 홈:           C:\Program Files\Java\jre1.8.0_271
02-Dec-2020 19:51:30.238 정보 [main] org.apache.catalina.startup.VersionLoggerListener.log JVM 버전:          1.8.0_271-b09
02-Dec-2020 19:51:30.239 정보 [main] org.apache.catalina.startup.VersionLoggerListener.log JVM 벤더:          Oracle Corporation
02-Dec-2020 19:51:30.239 정보 [main] org.apache.catalina.startup.VersionLoggerListener.log CATALINA_BASE:     C:\JSP폴더\tomcat
02-Dec-2020 19:51:30.239 정보 [main] org.apache.catalina.startup.VersionLoggerListener.log CATALINA_HOME:     C:\JSP폴더\tomcat
02-Dec-2020 19:51:30.240 정보 [main] org.apache.catalina.startup.VersionLoggerListener.log 명령 행 아규먼트:  -Dcatalina.home=C:\JSP폴더\tomcat
02-Dec-2020 19:51:30.241 정보 [main] org.apache.catalina.startup.VersionLoggerListener.log 명령 행 아규먼트:  -Dcatalina.base=C:\JSP폴더\tomcat
02-Dec-2020 19:51:30.241 정보 [main] org.apache.catalina.startup.VersionLoggerListener.log 명령 행 아규먼트:  -Djava.io.tmpdir=C:\JSP폴더\tomcat\temp
02-Dec-2020 19:51:30.241 정보 [main] org.apache.catalina.startup.VersionLoggerListener.log 명령 행 아규먼트:  -Djava.util.logging.manager=org.apache.juli.ClassLoaderLogManager
02-Dec-2020 19:51:30.241 정보 [main] org.apache.catalina.startup.VersionLoggerListener.log 명령 행 아규먼트:  -Djava.util.logging.config.file=C:\JSP폴더\tomcat\conf\logging.properties
02-Dec-2020 19:51:30.242 정보 [main] org.apache.catalina.startup.VersionLoggerListener.log 명령 행 아규먼트:  exit
02-Dec-2020 19:51:30.250 정보 [main] org.apache.catalina.startup.VersionLoggerListener.log 명령 행 아규먼트:  abort
02-Dec-2020 19:51:30.250 정보 [main] org.apache.catalina.startup.VersionLoggerListener.log 명령 행 아규먼트:  -Xms128m
02-Dec-2020 19:51:30.250 정보 [main] org.apache.catalina.startup.VersionLoggerListener.log 명령 행 아규먼트:  -Xmx256m
02-Dec-2020 19:51:30.251 정보 [main] org.apache.catalina.core.AprLifecycleListener.lifecycleEvent APR 버전 [1.7.0]을(를) 사용한, APR 기반 Apache Tomcat Native 라이브러리 [1.2.25]을(를) 로드했습니다.
02-Dec-2020 19:51:30.251 정보 [main] org.apache.catalina.core.AprLifecycleListener.lifecycleEvent APR 용량정보들: IPv6 [true], sendfile [true], accept filters [false], random [true].
02-Dec-2020 19:51:30.251 정보 [main] org.apache.catalina.core.AprLifecycleListener.lifecycleEvent APR/OpenSSL 설정: useAprConnector [false], useOpenSSL [true]
02-Dec-2020 19:51:30.261 정보 [main] org.apache.catalina.core.AprLifecycleListener.initializeSSL OpenSSL이 성공적으로 초기화되었습니다: [OpenSSL 1.1.1g  21 Apr 2020]
02-Dec-2020 19:51:30.906 정보 [main] org.apache.coyote.AbstractProtocol.init 프로토콜 핸들러 ["http-nio-9090"]을(를) 초기화합니다.
02-Dec-2020 19:51:31.552 정보 [main] org.apache.tomcat.util.net.NioSelectorPool.getSharedSelector Using a shared selector for servlet write/read
02-Dec-2020 19:51:31.589 정보 [main] org.apache.catalina.startup.Catalina.load Initialization processed in 2223 ms
02-Dec-2020 19:51:31.676 정보 [main] org.apache.catalina.core.StandardService.startInternal 서비스 [Catalina]을(를) 시작합니다.
02-Dec-2020 19:51:31.677 정보 [main] org.apache.catalina.core.StandardEngine.startInternal Starting Servlet Engine: Apache Tomcat/8.5.60
02-Dec-2020 19:51:31.714 정보 [localhost-startStop-1] org.apache.catalina.startup.HostConfig.deployDirectory 웹 애플리케이션 디렉토리 [C:\JSP폴더\tomcat\webapps\docs]을(를) 배치합니다.
02-Dec-2020 19:51:32.147 정보 [localhost-startStop-1] org.apache.catalina.startup.HostConfig.deployDirectory 웹 애플리케이션 디렉토리 [C:\JSP폴더\tomcat\webapps\docs]에 대한 배치가 [445] 밀리초에 완료되었습니다.
02-Dec-2020 19:51:32.147 정보 [localhost-startStop-1] org.apache.catalina.startup.HostConfig.deployDirectory 웹 애플리케이션 디렉토리 [C:\JSP폴더\tomcat\webapps\manager]을(를) 배치합니다.
02-Dec-2020 19:51:32.210 정보 [localhost-startStop-1] org.apache.catalina.startup.HostConfig.deployDirectory 웹 애플리케이션 디렉토리 [C:\JSP폴더\tomcat\webapps\manager]에 대한 배치가 [63] 밀리초에 완료되었습니다.
02-Dec-2020 19:51:32.210 정보 [localhost-startStop-1] org.apache.catalina.startup.HostConfig.deployDirectory 웹 애플리케이션 디렉토리 [C:\JSP폴더\tomcat\webapps\ROOT]을(를) 배치합니다.
02-Dec-2020 19:51:32.238 정보 [localhost-startStop-1] org.apache.catalina.startup.HostConfig.deployDirectory 웹 애플리케이션 디렉토리 [C:\JSP폴더\tomcat\webapps\ROOT]에 대한 배치가 [28] 밀리초에 완료되었습니다.
02-Dec-2020 19:51:32.241 정보 [main] org.apache.coyote.AbstractProtocol.start 프로토콜 핸들러 ["http-nio-9090"]을(를) 시작합니다.
02-Dec-2020 19:51:32.251 정보 [main] org.apache.catalina.startup.Catalina.start Server startup in 661 ms
02-Dec-2020 19:59:36.311 정보 [main] org.apache.catalina.startup.VersionLoggerListener.log 서버 버전 이름:    Apache Tomcat/8.5.60
02-Dec-2020 19:59:36.322 정보 [main] org.apache.catalina.startup.VersionLoggerListener.log Server 빌드 시각:  Nov 12 2020 17:31:55 UTC
02-Dec-2020 19:59:36.322 정보 [main] org.apache.catalina.startup.VersionLoggerListener.log Server 버전 번호:  8.5.60.0
02-Dec-2020 19:59:36.322 정보 [main] org.apache.catalina.startup.VersionLoggerListener.log 운영체제 이름:     Windows 10
02-Dec-2020 19:59:36.323 정보 [main] org.apache.catalina.startup.VersionLoggerListener.log 운영체제 버전:     10.0
02-Dec-2020 19:59:36.323 정보 [main] org.apache.catalina.startup.VersionLoggerListener.log 아키텍처:          amd64
02-Dec-2020 19:59:36.323 정보 [main] org.apache.catalina.startup.VersionLoggerListener.log 자바 홈:           C:\Program Files\Java\jre1.8.0_271
02-Dec-2020 19:59:36.323 정보 [main] org.apache.catalina.startup.VersionLoggerListener.log JVM 버전:          1.8.0_271-b09
02-Dec-2020 19:59:36.324 정보 [main] org.apache.catalina.startup.VersionLoggerListener.log JVM 벤더:          Oracle Corporation
02-Dec-2020 19:59:36.324 정보 [main] org.apache.catalina.startup.VersionLoggerListener.log CATALINA_BASE:     C:\JSP폴더\tomcat
02-Dec-2020 19:59:36.324 정보 [main] org.apache.catalina.startup.VersionLoggerListener.log CATALINA_HOME:     C:\JSP폴더\tomcat
02-Dec-2020 19:59:36.326 정보 [main] org.apache.catalina.startup.VersionLoggerListener.log 명령 행 아규먼트:  -Dcatalina.home=C:\JSP폴더\tomcat
02-Dec-2020 19:59:36.327 정보 [main] org.apache.catalina.startup.VersionLoggerListener.log 명령 행 아규먼트:  -Dcatalina.base=C:\JSP폴더\tomcat
02-Dec-2020 19:59:36.328 정보 [main] org.apache.catalina.startup.VersionLoggerListener.log 명령 행 아규먼트:  -Djava.io.tmpdir=C:\JSP폴더\tomcat\temp
02-Dec-2020 19:59:36.329 정보 [main] org.apache.catalina.startup.VersionLoggerListener.log 명령 행 아규먼트:  -Djava.util.logging.manager=org.apache.juli.ClassLoaderLogManager
02-Dec-2020 19:59:36.330 정보 [main] org.apache.catalina.startup.VersionLoggerListener.log 명령 행 아규먼트:  -Djava.util.logging.config.file=C:\JSP폴더\tomcat\conf\logging.properties
02-Dec-2020 19:59:36.338 정보 [main] org.apache.catalina.startup.VersionLoggerListener.log 명령 행 아규먼트:  exit
02-Dec-2020 19:59:36.339 정보 [main] org.apache.catalina.startup.VersionLoggerListener.log 명령 행 아규먼트:  abort
02-Dec-2020 19:59:36.340 정보 [main] org.apache.catalina.startup.VersionLoggerListener.log 명령 행 아규먼트:  -Xms128m
02-Dec-2020 19:59:36.342 정보 [main] org.apache.catalina.startup.VersionLoggerListener.log 명령 행 아규먼트:  -Xmx256m
02-Dec-2020 19:59:36.343 정보 [main] org.apache.catalina.core.AprLifecycleListener.lifecycleEvent APR 버전 [1.7.0]을(를) 사용한, APR 기반 Apache Tomcat Native 라이브러리 [1.2.25]을(를) 로드했습니다.
02-Dec-2020 19:59:36.352 정보 [main] org.apache.catalina.core.AprLifecycleListener.lifecycleEvent APR 용량정보들: IPv6 [true], sendfile [true], accept filters [false], random [true].
02-Dec-2020 19:59:36.354 정보 [main] org.apache.catalina.core.AprLifecycleListener.lifecycleEvent APR/OpenSSL 설정: useAprConnector [false], useOpenSSL [true]
02-Dec-2020 19:59:36.363 정보 [main] org.apache.catalina.core.AprLifecycleListener.initializeSSL OpenSSL이 성공적으로 초기화되었습니다: [OpenSSL 1.1.1g  21 Apr 2020]
02-Dec-2020 19:59:36.598 정보 [main] org.apache.coyote.AbstractProtocol.init 프로토콜 핸들러 ["http-nio-9090"]을(를) 초기화합니다.
02-Dec-2020 19:59:36.630 심각 [main] org.apache.catalina.core.StandardService.initInternal Failed to initialize connector [Connector[HTTP/1.1-9090]]
	org.apache.catalina.LifecycleException: 프로토콜 핸들러 초기화가 실패했습니다.
		at org.apache.catalina.connector.Connector.initInternal(Connector.java:1077)
		at org.apache.catalina.util.LifecycleBase.init(LifecycleBase.java:136)
		at org.apache.catalina.core.StandardService.initInternal(StandardService.java:552)
		at org.apache.catalina.util.LifecycleBase.init(LifecycleBase.java:136)
		at org.apache.catalina.core.StandardServer.initInternal(StandardServer.java:848)
		at org.apache.catalina.util.LifecycleBase.init(LifecycleBase.java:136)
		at org.apache.catalina.startup.Catalina.load(Catalina.java:639)
		at org.apache.catalina.startup.Catalina.load(Catalina.java:662)
		at sun.reflect.NativeMethodAccessorImpl.invoke0(Native Method)
		at sun.reflect.NativeMethodAccessorImpl.invoke(Unknown Source)
		at sun.reflect.DelegatingMethodAccessorImpl.invoke(Unknown Source)
		at java.lang.reflect.Method.invoke(Unknown Source)
		at org.apache.catalina.startup.Bootstrap.load(Bootstrap.java:302)
		at org.apache.catalina.startup.Bootstrap.main(Bootstrap.java:472)
	Caused by: java.net.BindException: Address already in use: bind
		at sun.nio.ch.Net.bind0(Native Method)
		at sun.nio.ch.Net.bind(Unknown Source)
		at sun.nio.ch.Net.bind(Unknown Source)
		at sun.nio.ch.ServerSocketChannelImpl.bind(Unknown Source)
		at sun.nio.ch.ServerSocketAdaptor.bind(Unknown Source)
		at org.apache.tomcat.util.net.NioEndpoint.bind(NioEndpoint.java:223)
		at org.apache.tomcat.util.net.AbstractEndpoint.init(AbstractEndpoint.java:1118)
		at org.apache.tomcat.util.net.AbstractJsseEndpoint.init(AbstractJsseEndpoint.java:222)
		at org.apache.coyote.AbstractProtocol.init(AbstractProtocol.java:599)
		at org.apache.coyote.http11.AbstractHttp11Protocol.init(AbstractHttp11Protocol.java:80)
		at org.apache.catalina.connector.Connector.initInternal(Connector.java:1075)
		... 13 more
02-Dec-2020 19:59:36.638 정보 [main] org.apache.catalina.startup.Catalina.load Initialization processed in 951 ms
02-Dec-2020 19:59:36.688 정보 [main] org.apache.catalina.core.StandardService.startInternal 서비스 [Catalina]을(를) 시작합니다.
02-Dec-2020 19:59:36.694 정보 [main] org.apache.catalina.core.StandardEngine.startInternal Starting Servlet Engine: Apache Tomcat/8.5.60
02-Dec-2020 19:59:36.709 정보 [localhost-startStop-1] org.apache.catalina.startup.HostConfig.deployDirectory 웹 애플리케이션 디렉토리 [C:\JSP폴더\tomcat\webapps\docs]을(를) 배치합니다.
02-Dec-2020 19:59:37.470 경고 [localhost-startStop-1] org.apache.catalina.util.SessionIdGeneratorBase.createSecureRandom [SHA1PRNG] 알고리즘을 사용하여, 세션 ID를 생성하기 위한 SecureRandom 객체를 생성하는데, [426] 밀리초가 소요됐습니다.
02-Dec-2020 19:59:37.507 정보 [localhost-startStop-1] org.apache.catalina.startup.HostConfig.deployDirectory 웹 애플리케이션 디렉토리 [C:\JSP폴더\tomcat\webapps\docs]에 대한 배치가 [798] 밀리초에 완료되었습니다.
02-Dec-2020 19:59:37.509 정보 [localhost-startStop-1] org.apache.catalina.startup.HostConfig.deployDirectory 웹 애플리케이션 디렉토리 [C:\JSP폴더\tomcat\webapps\manager]을(를) 배치합니다.
02-Dec-2020 19:59:37.566 정보 [localhost-startStop-1] org.apache.catalina.startup.HostConfig.deployDirectory 웹 애플리케이션 디렉토리 [C:\JSP폴더\tomcat\webapps\manager]에 대한 배치가 [57] 밀리초에 완료되었습니다.
02-Dec-2020 19:59:37.568 정보 [localhost-startStop-1] org.apache.catalina.startup.HostConfig.deployDirectory 웹 애플리케이션 디렉토리 [C:\JSP폴더\tomcat\webapps\ROOT]을(를) 배치합니다.
02-Dec-2020 19:59:37.615 정보 [localhost-startStop-1] org.apache.catalina.startup.HostConfig.deployDirectory 웹 애플리케이션 디렉토리 [C:\JSP폴더\tomcat\webapps\ROOT]에 대한 배치가 [47] 밀리초에 완료되었습니다.
02-Dec-2020 19:59:37.621 정보 [main] org.apache.catalina.startup.Catalina.start Server startup in 981 ms
02-Dec-2020 19:59:37.627 심각 [main] org.apache.catalina.core.StandardServer.await StandardServer.await: create[localhost:8005]: 
	java.net.BindException: Address already in use: JVM_Bind
		at java.net.DualStackPlainSocketImpl.bind0(Native Method)
		at java.net.DualStackPlainSocketImpl.socketBind(Unknown Source)
		at java.net.AbstractPlainSocketImpl.bind(Unknown Source)
		at java.net.PlainSocketImpl.bind(Unknown Source)
		at java.net.ServerSocket.bind(Unknown Source)
		at java.net.ServerSocket.<init>(Unknown Source)
		at org.apache.catalina.core.StandardServer.await(StandardServer.java:421)
		at org.apache.catalina.startup.Catalina.await(Catalina.java:776)
		at org.apache.catalina.startup.Catalina.start(Catalina.java:722)
		at sun.reflect.NativeMethodAccessorImpl.invoke0(Native Method)
		at sun.reflect.NativeMethodAccessorImpl.invoke(Unknown Source)
		at sun.reflect.DelegatingMethodAccessorImpl.invoke(Unknown Source)
		at java.lang.reflect.Method.invoke(Unknown Source)
		at org.apache.catalina.startup.Bootstrap.start(Bootstrap.java:342)
		at org.apache.catalina.startup.Bootstrap.main(Bootstrap.java:473)
02-Dec-2020 19:59:37.629 정보 [main] org.apache.coyote.AbstractProtocol.pause 프로토콜 핸들러 ["http-nio-9090"]을(를) 일시 정지 중
02-Dec-2020 19:59:37.633 정보 [main] org.apache.catalina.core.StandardService.stopInternal 서비스 [Catalina]을(를) 중지시킵니다.
02-Dec-2020 19:59:37.653 정보 [main] org.apache.coyote.AbstractProtocol.stop 프로토콜 핸들러 ["http-nio-9090"]을(를) 중지시킵니다.
02-Dec-2020 19:59:37.658 정보 [main] org.apache.coyote.AbstractProtocol.destroy 프로토콜 핸들러 ["http-nio-9090"]을(를) 소멸시킵니다.
02-Dec-2020 20:00:18.662 정보 [main] org.apache.catalina.startup.VersionLoggerListener.log 서버 버전 이름:    Apache Tomcat/8.5.60
02-Dec-2020 20:00:18.666 정보 [main] org.apache.catalina.startup.VersionLoggerListener.log Server 빌드 시각:  Nov 12 2020 17:31:55 UTC
02-Dec-2020 20:00:18.666 정보 [main] org.apache.catalina.startup.VersionLoggerListener.log Server 버전 번호:  8.5.60.0
02-Dec-2020 20:00:18.667 정보 [main] org.apache.catalina.startup.VersionLoggerListener.log 운영체제 이름:     Windows 10
02-Dec-2020 20:00:18.667 정보 [main] org.apache.catalina.startup.VersionLoggerListener.log 운영체제 버전:     10.0
02-Dec-2020 20:00:18.667 정보 [main] org.apache.catalina.startup.VersionLoggerListener.log 아키텍처:          amd64
02-Dec-2020 20:00:18.668 정보 [main] org.apache.catalina.startup.VersionLoggerListener.log 자바 홈:           C:\Program Files\Java\jre1.8.0_271
02-Dec-2020 20:00:18.668 정보 [main] org.apache.catalina.startup.VersionLoggerListener.log JVM 버전:          1.8.0_271-b09
02-Dec-2020 20:00:18.668 정보 [main] org.apache.catalina.startup.VersionLoggerListener.log JVM 벤더:          Oracle Corporation
02-Dec-2020 20:00:18.669 정보 [main] org.apache.catalina.startup.VersionLoggerListener.log CATALINA_BASE:     C:\JSP폴더\tomcat
02-Dec-2020 20:00:18.669 정보 [main] org.apache.catalina.startup.VersionLoggerListener.log CATALINA_HOME:     C:\JSP폴더\tomcat
02-Dec-2020 20:00:18.670 정보 [main] org.apache.catalina.startup.VersionLoggerListener.log 명령 행 아규먼트:  -Dcatalina.home=C:\JSP폴더\tomcat
02-Dec-2020 20:00:18.672 정보 [main] org.apache.catalina.startup.VersionLoggerListener.log 명령 행 아규먼트:  -Dcatalina.base=C:\JSP폴더\tomcat
02-Dec-2020 20:00:18.673 정보 [main] org.apache.catalina.startup.VersionLoggerListener.log 명령 행 아규먼트:  -Djava.io.tmpdir=C:\JSP폴더\tomcat\temp
02-Dec-2020 20:00:18.674 정보 [main] org.apache.catalina.startup.VersionLoggerListener.log 명령 행 아규먼트:  -Djava.util.logging.manager=org.apache.juli.ClassLoaderLogManager
02-Dec-2020 20:00:18.674 정보 [main] org.apache.catalina.startup.VersionLoggerListener.log 명령 행 아규먼트:  -Djava.util.logging.config.file=C:\JSP폴더\tomcat\conf\logging.properties
02-Dec-2020 20:00:18.679 정보 [main] org.apache.catalina.startup.VersionLoggerListener.log 명령 행 아규먼트:  exit
02-Dec-2020 20:00:18.680 정보 [main] org.apache.catalina.startup.VersionLoggerListener.log 명령 행 아규먼트:  abort
02-Dec-2020 20:00:18.681 정보 [main] org.apache.catalina.startup.VersionLoggerListener.log 명령 행 아규먼트:  -Xms128m
02-Dec-2020 20:00:18.682 정보 [main] org.apache.catalina.startup.VersionLoggerListener.log 명령 행 아규먼트:  -Xmx256m
02-Dec-2020 20:00:18.683 정보 [main] org.apache.catalina.core.AprLifecycleListener.lifecycleEvent APR 버전 [1.7.0]을(를) 사용한, APR 기반 Apache Tomcat Native 라이브러리 [1.2.25]을(를) 로드했습니다.
02-Dec-2020 20:00:18.685 정보 [main] org.apache.catalina.core.AprLifecycleListener.lifecycleEvent APR 용량정보들: IPv6 [true], sendfile [true], accept filters [false], random [true].
02-Dec-2020 20:00:18.686 정보 [main] org.apache.catalina.core.AprLifecycleListener.lifecycleEvent APR/OpenSSL 설정: useAprConnector [false], useOpenSSL [true]
02-Dec-2020 20:00:18.698 정보 [main] org.apache.catalina.core.AprLifecycleListener.initializeSSL OpenSSL이 성공적으로 초기화되었습니다: [OpenSSL 1.1.1g  21 Apr 2020]
02-Dec-2020 20:00:18.929 정보 [main] org.apache.coyote.AbstractProtocol.init 프로토콜 핸들러 ["http-nio-9090"]을(를) 초기화합니다.
02-Dec-2020 20:00:18.952 심각 [main] org.apache.catalina.core.StandardService.initInternal Failed to initialize connector [Connector[HTTP/1.1-9090]]
	org.apache.catalina.LifecycleException: 프로토콜 핸들러 초기화가 실패했습니다.
		at org.apache.catalina.connector.Connector.initInternal(Connector.java:1077)
		at org.apache.catalina.util.LifecycleBase.init(LifecycleBase.java:136)
		at org.apache.catalina.core.StandardService.initInternal(StandardService.java:552)
		at org.apache.catalina.util.LifecycleBase.init(LifecycleBase.java:136)
		at org.apache.catalina.core.StandardServer.initInternal(StandardServer.java:848)
		at org.apache.catalina.util.LifecycleBase.init(LifecycleBase.java:136)
		at org.apache.catalina.startup.Catalina.load(Catalina.java:639)
		at org.apache.catalina.startup.Catalina.load(Catalina.java:662)
		at sun.reflect.NativeMethodAccessorImpl.invoke0(Native Method)
		at sun.reflect.NativeMethodAccessorImpl.invoke(Unknown Source)
		at sun.reflect.DelegatingMethodAccessorImpl.invoke(Unknown Source)
		at java.lang.reflect.Method.invoke(Unknown Source)
		at org.apache.catalina.startup.Bootstrap.load(Bootstrap.java:302)
		at org.apache.catalina.startup.Bootstrap.main(Bootstrap.java:472)
	Caused by: java.net.BindException: Address already in use: bind
		at sun.nio.ch.Net.bind0(Native Method)
		at sun.nio.ch.Net.bind(Unknown Source)
		at sun.nio.ch.Net.bind(Unknown Source)
		at sun.nio.ch.ServerSocketChannelImpl.bind(Unknown Source)
		at sun.nio.ch.ServerSocketAdaptor.bind(Unknown Source)
		at org.apache.tomcat.util.net.NioEndpoint.bind(NioEndpoint.java:223)
		at org.apache.tomcat.util.net.AbstractEndpoint.init(AbstractEndpoint.java:1118)
		at org.apache.tomcat.util.net.AbstractJsseEndpoint.init(AbstractJsseEndpoint.java:222)
		at org.apache.coyote.AbstractProtocol.init(AbstractProtocol.java:599)
		at org.apache.coyote.http11.AbstractHttp11Protocol.init(AbstractHttp11Protocol.java:80)
		at org.apache.catalina.connector.Connector.initInternal(Connector.java:1075)
		... 13 more
02-Dec-2020 20:00:18.960 정보 [main] org.apache.catalina.startup.Catalina.load Initialization processed in 983 ms
02-Dec-2020 20:00:19.013 정보 [main] org.apache.catalina.core.StandardService.startInternal 서비스 [Catalina]을(를) 시작합니다.
02-Dec-2020 20:00:19.019 정보 [main] org.apache.catalina.core.StandardEngine.startInternal Starting Servlet Engine: Apache Tomcat/8.5.60
02-Dec-2020 20:00:19.036 정보 [localhost-startStop-1] org.apache.catalina.startup.HostConfig.deployDirectory 웹 애플리케이션 디렉토리 [C:\JSP폴더\tomcat\webapps\docs]을(를) 배치합니다.
02-Dec-2020 20:00:19.824 경고 [localhost-startStop-1] org.apache.catalina.util.SessionIdGeneratorBase.createSecureRandom [SHA1PRNG] 알고리즘을 사용하여, 세션 ID를 생성하기 위한 SecureRandom 객체를 생성하는데, [409] 밀리초가 소요됐습니다.
02-Dec-2020 20:00:19.864 정보 [localhost-startStop-1] org.apache.catalina.startup.HostConfig.deployDirectory 웹 애플리케이션 디렉토리 [C:\JSP폴더\tomcat\webapps\docs]에 대한 배치가 [827] 밀리초에 완료되었습니다.
02-Dec-2020 20:00:19.866 정보 [localhost-startStop-1] org.apache.catalina.startup.HostConfig.deployDirectory 웹 애플리케이션 디렉토리 [C:\JSP폴더\tomcat\webapps\manager]을(를) 배치합니다.
02-Dec-2020 20:00:19.947 정보 [localhost-startStop-1] org.apache.catalina.startup.HostConfig.deployDirectory 웹 애플리케이션 디렉토리 [C:\JSP폴더\tomcat\webapps\manager]에 대한 배치가 [81] 밀리초에 완료되었습니다.
02-Dec-2020 20:00:19.953 정보 [localhost-startStop-1] org.apache.catalina.startup.HostConfig.deployDirectory 웹 애플리케이션 디렉토리 [C:\JSP폴더\tomcat\webapps\ROOT]을(를) 배치합니다.
02-Dec-2020 20:00:19.995 정보 [localhost-startStop-1] org.apache.catalina.startup.HostConfig.deployDirectory 웹 애플리케이션 디렉토리 [C:\JSP폴더\tomcat\webapps\ROOT]에 대한 배치가 [42] 밀리초에 완료되었습니다.
02-Dec-2020 20:00:20.003 정보 [main] org.apache.catalina.startup.Catalina.start Server startup in 1041 ms
02-Dec-2020 20:00:20.010 심각 [main] org.apache.catalina.core.StandardServer.await StandardServer.await: create[localhost:8005]: 
	java.net.BindException: Address already in use: JVM_Bind
		at java.net.DualStackPlainSocketImpl.bind0(Native Method)
		at java.net.DualStackPlainSocketImpl.socketBind(Unknown Source)
		at java.net.AbstractPlainSocketImpl.bind(Unknown Source)
		at java.net.PlainSocketImpl.bind(Unknown Source)
		at java.net.ServerSocket.bind(Unknown Source)
		at java.net.ServerSocket.<init>(Unknown Source)
		at org.apache.catalina.core.StandardServer.await(StandardServer.java:421)
		at org.apache.catalina.startup.Catalina.await(Catalina.java:776)
		at org.apache.catalina.startup.Catalina.start(Catalina.java:722)
		at sun.reflect.NativeMethodAccessorImpl.invoke0(Native Method)
		at sun.reflect.NativeMethodAccessorImpl.invoke(Unknown Source)
		at sun.reflect.DelegatingMethodAccessorImpl.invoke(Unknown Source)
		at java.lang.reflect.Method.invoke(Unknown Source)
		at org.apache.catalina.startup.Bootstrap.start(Bootstrap.java:342)
		at org.apache.catalina.startup.Bootstrap.main(Bootstrap.java:473)
02-Dec-2020 20:00:20.011 정보 [main] org.apache.coyote.AbstractProtocol.pause 프로토콜 핸들러 ["http-nio-9090"]을(를) 일시 정지 중
02-Dec-2020 20:00:20.012 정보 [main] org.apache.catalina.core.StandardService.stopInternal 서비스 [Catalina]을(를) 중지시킵니다.
02-Dec-2020 20:00:20.027 정보 [main] org.apache.coyote.AbstractProtocol.stop 프로토콜 핸들러 ["http-nio-9090"]을(를) 중지시킵니다.
02-Dec-2020 20:00:20.033 정보 [main] org.apache.coyote.AbstractProtocol.destroy 프로토콜 핸들러 ["http-nio-9090"]을(를) 소멸시킵니다.
02-Dec-2020 20:06:50.855 정보 [main] org.apache.catalina.startup.VersionLoggerListener.log 서버 버전 이름:    Apache Tomcat/8.5.60
02-Dec-2020 20:06:50.860 정보 [main] org.apache.catalina.startup.VersionLoggerListener.log Server 빌드 시각:  Nov 12 2020 17:31:55 UTC
02-Dec-2020 20:06:50.860 정보 [main] org.apache.catalina.startup.VersionLoggerListener.log Server 버전 번호:  8.5.60.0
02-Dec-2020 20:06:50.860 정보 [main] org.apache.catalina.startup.VersionLoggerListener.log 운영체제 이름:     Windows 10
02-Dec-2020 20:06:50.860 정보 [main] org.apache.catalina.startup.VersionLoggerListener.log 운영체제 버전:     10.0
02-Dec-2020 20:06:50.861 정보 [main] org.apache.catalina.startup.VersionLoggerListener.log 아키텍처:          amd64
02-Dec-2020 20:06:50.861 정보 [main] org.apache.catalina.startup.VersionLoggerListener.log 자바 홈:           C:\Program Files\Java\jre1.8.0_271
02-Dec-2020 20:06:50.861 정보 [main] org.apache.catalina.startup.VersionLoggerListener.log JVM 버전:          1.8.0_271-b09
02-Dec-2020 20:06:50.861 정보 [main] org.apache.catalina.startup.VersionLoggerListener.log JVM 벤더:          Oracle Corporation
02-Dec-2020 20:06:50.861 정보 [main] org.apache.catalina.startup.VersionLoggerListener.log CATALINA_BASE:     C:\JSP폴더\tomcat
02-Dec-2020 20:06:50.862 정보 [main] org.apache.catalina.startup.VersionLoggerListener.log CATALINA_HOME:     C:\JSP폴더\tomcat
02-Dec-2020 20:06:50.863 정보 [main] org.apache.catalina.startup.VersionLoggerListener.log 명령 행 아규먼트:  -Dcatalina.home=C:\JSP폴더\tomcat
02-Dec-2020 20:06:50.864 정보 [main] org.apache.catalina.startup.VersionLoggerListener.log 명령 행 아규먼트:  -Dcatalina.base=C:\JSP폴더\tomcat
02-Dec-2020 20:06:50.865 정보 [main] org.apache.catalina.startup.VersionLoggerListener.log 명령 행 아규먼트:  -Djava.io.tmpdir=C:\JSP폴더\tomcat\temp
02-Dec-2020 20:06:50.866 정보 [main] org.apache.catalina.startup.VersionLoggerListener.log 명령 행 아규먼트:  -Djava.util.logging.manager=org.apache.juli.ClassLoaderLogManager
02-Dec-2020 20:06:50.866 정보 [main] org.apache.catalina.startup.VersionLoggerListener.log 명령 행 아규먼트:  -Djava.util.logging.config.file=C:\JSP폴더\tomcat\conf\logging.properties
02-Dec-2020 20:06:50.872 정보 [main] org.apache.catalina.startup.VersionLoggerListener.log 명령 행 아규먼트:  exit
02-Dec-2020 20:06:50.874 정보 [main] org.apache.catalina.startup.VersionLoggerListener.log 명령 행 아규먼트:  abort
02-Dec-2020 20:06:50.875 정보 [main] org.apache.catalina.startup.VersionLoggerListener.log 명령 행 아규먼트:  -Xms128m
02-Dec-2020 20:06:50.876 정보 [main] org.apache.catalina.startup.VersionLoggerListener.log 명령 행 아규먼트:  -Xmx256m
02-Dec-2020 20:06:50.876 정보 [main] org.apache.catalina.core.AprLifecycleListener.lifecycleEvent APR 버전 [1.7.0]을(를) 사용한, APR 기반 Apache Tomcat Native 라이브러리 [1.2.25]을(를) 로드했습니다.
02-Dec-2020 20:06:50.878 정보 [main] org.apache.catalina.core.AprLifecycleListener.lifecycleEvent APR 용량정보들: IPv6 [true], sendfile [true], accept filters [false], random [true].
02-Dec-2020 20:06:50.879 정보 [main] org.apache.catalina.core.AprLifecycleListener.lifecycleEvent APR/OpenSSL 설정: useAprConnector [false], useOpenSSL [true]
02-Dec-2020 20:06:50.888 정보 [main] org.apache.catalina.core.AprLifecycleListener.initializeSSL OpenSSL이 성공적으로 초기화되었습니다: [OpenSSL 1.1.1g  21 Apr 2020]
02-Dec-2020 20:06:51.070 정보 [main] org.apache.coyote.AbstractProtocol.init 프로토콜 핸들러 ["http-nio-9090"]을(를) 초기화합니다.
02-Dec-2020 20:06:51.095 심각 [main] org.apache.catalina.core.StandardService.initInternal Failed to initialize connector [Connector[HTTP/1.1-9090]]
	org.apache.catalina.LifecycleException: 프로토콜 핸들러 초기화가 실패했습니다.
		at org.apache.catalina.connector.Connector.initInternal(Connector.java:1077)
		at org.apache.catalina.util.LifecycleBase.init(LifecycleBase.java:136)
		at org.apache.catalina.core.StandardService.initInternal(StandardService.java:552)
		at org.apache.catalina.util.LifecycleBase.init(LifecycleBase.java:136)
		at org.apache.catalina.core.StandardServer.initInternal(StandardServer.java:848)
		at org.apache.catalina.util.LifecycleBase.init(LifecycleBase.java:136)
		at org.apache.catalina.startup.Catalina.load(Catalina.java:639)
		at org.apache.catalina.startup.Catalina.load(Catalina.java:662)
		at sun.reflect.NativeMethodAccessorImpl.invoke0(Native Method)
		at sun.reflect.NativeMethodAccessorImpl.invoke(Unknown Source)
		at sun.reflect.DelegatingMethodAccessorImpl.invoke(Unknown Source)
		at java.lang.reflect.Method.invoke(Unknown Source)
		at org.apache.catalina.startup.Bootstrap.load(Bootstrap.java:302)
		at org.apache.catalina.startup.Bootstrap.main(Bootstrap.java:472)
	Caused by: java.net.BindException: Address already in use: bind
		at sun.nio.ch.Net.bind0(Native Method)
		at sun.nio.ch.Net.bind(Unknown Source)
		at sun.nio.ch.Net.bind(Unknown Source)
		at sun.nio.ch.ServerSocketChannelImpl.bind(Unknown Source)
		at sun.nio.ch.ServerSocketAdaptor.bind(Unknown Source)
		at org.apache.tomcat.util.net.NioEndpoint.bind(NioEndpoint.java:223)
		at org.apache.tomcat.util.net.AbstractEndpoint.init(AbstractEndpoint.java:1118)
		at org.apache.tomcat.util.net.AbstractJsseEndpoint.init(AbstractJsseEndpoint.java:222)
		at org.apache.coyote.AbstractProtocol.init(AbstractProtocol.java:599)
		at org.apache.coyote.http11.AbstractHttp11Protocol.init(AbstractHttp11Protocol.java:80)
		at org.apache.catalina.connector.Connector.initInternal(Connector.java:1075)
		... 13 more
02-Dec-2020 20:06:51.102 정보 [main] org.apache.catalina.startup.Catalina.load Initialization processed in 763 ms
02-Dec-2020 20:06:51.153 정보 [main] org.apache.catalina.core.StandardService.startInternal 서비스 [Catalina]을(를) 시작합니다.
02-Dec-2020 20:06:51.156 정보 [main] org.apache.catalina.core.StandardEngine.startInternal Starting Servlet Engine: Apache Tomcat/8.5.60
02-Dec-2020 20:06:51.175 정보 [localhost-startStop-1] org.apache.catalina.startup.HostConfig.deployDirectory 웹 애플리케이션 디렉토리 [C:\JSP폴더\tomcat\webapps\docs]을(를) 배치합니다.
02-Dec-2020 20:06:51.843 경고 [localhost-startStop-1] org.apache.catalina.util.SessionIdGeneratorBase.createSecureRandom [SHA1PRNG] 알고리즘을 사용하여, 세션 ID를 생성하기 위한 SecureRandom 객체를 생성하는데, [327] 밀리초가 소요됐습니다.
02-Dec-2020 20:06:51.890 정보 [localhost-startStop-1] org.apache.catalina.startup.HostConfig.deployDirectory 웹 애플리케이션 디렉토리 [C:\JSP폴더\tomcat\webapps\docs]에 대한 배치가 [715] 밀리초에 완료되었습니다.
02-Dec-2020 20:06:51.896 정보 [localhost-startStop-1] org.apache.catalina.startup.HostConfig.deployDirectory 웹 애플리케이션 디렉토리 [C:\JSP폴더\tomcat\webapps\manager]을(를) 배치합니다.
02-Dec-2020 20:06:51.993 정보 [localhost-startStop-1] org.apache.catalina.startup.HostConfig.deployDirectory 웹 애플리케이션 디렉토리 [C:\JSP폴더\tomcat\webapps\manager]에 대한 배치가 [96] 밀리초에 완료되었습니다.
02-Dec-2020 20:06:51.996 정보 [localhost-startStop-1] org.apache.catalina.startup.HostConfig.deployDirectory 웹 애플리케이션 디렉토리 [C:\JSP폴더\tomcat\webapps\ROOT]을(를) 배치합니다.
02-Dec-2020 20:06:52.046 정보 [localhost-startStop-1] org.apache.catalina.startup.HostConfig.deployDirectory 웹 애플리케이션 디렉토리 [C:\JSP폴더\tomcat\webapps\ROOT]에 대한 배치가 [50] 밀리초에 완료되었습니다.
02-Dec-2020 20:06:52.054 정보 [main] org.apache.catalina.startup.Catalina.start Server startup in 952 ms
02-Dec-2020 20:06:52.061 심각 [main] org.apache.catalina.core.StandardServer.await StandardServer.await: create[localhost:8005]: 
	java.net.BindException: Address already in use: JVM_Bind
		at java.net.DualStackPlainSocketImpl.bind0(Native Method)
		at java.net.DualStackPlainSocketImpl.socketBind(Unknown Source)
		at java.net.AbstractPlainSocketImpl.bind(Unknown Source)
		at java.net.PlainSocketImpl.bind(Unknown Source)
		at java.net.ServerSocket.bind(Unknown Source)
		at java.net.ServerSocket.<init>(Unknown Source)
		at org.apache.catalina.core.StandardServer.await(StandardServer.java:421)
		at org.apache.catalina.startup.Catalina.await(Catalina.java:776)
		at org.apache.catalina.startup.Catalina.start(Catalina.java:722)
		at sun.reflect.NativeMethodAccessorImpl.invoke0(Native Method)
		at sun.reflect.NativeMethodAccessorImpl.invoke(Unknown Source)
		at sun.reflect.DelegatingMethodAccessorImpl.invoke(Unknown Source)
		at java.lang.reflect.Method.invoke(Unknown Source)
		at org.apache.catalina.startup.Bootstrap.start(Bootstrap.java:342)
		at org.apache.catalina.startup.Bootstrap.main(Bootstrap.java:473)
02-Dec-2020 20:06:52.062 정보 [main] org.apache.coyote.AbstractProtocol.pause 프로토콜 핸들러 ["http-nio-9090"]을(를) 일시 정지 중
02-Dec-2020 20:06:52.066 정보 [main] org.apache.catalina.core.StandardService.stopInternal 서비스 [Catalina]을(를) 중지시킵니다.
02-Dec-2020 20:06:52.086 정보 [main] org.apache.coyote.AbstractProtocol.stop 프로토콜 핸들러 ["http-nio-9090"]을(를) 중지시킵니다.
02-Dec-2020 20:06:52.090 정보 [main] org.apache.coyote.AbstractProtocol.destroy 프로토콜 핸들러 ["http-nio-9090"]을(를) 소멸시킵니다.
02-Dec-2020 20:07:06.265 정보 [Thread-5] org.apache.coyote.AbstractProtocol.pause 프로토콜 핸들러 ["http-nio-9090"]을(를) 일시 정지 중
02-Dec-2020 20:07:06.891 정보 [Thread-5] org.apache.catalina.core.StandardService.stopInternal 서비스 [Catalina]을(를) 중지시킵니다.
02-Dec-2020 20:07:06.919 정보 [Thread-5] org.apache.coyote.AbstractProtocol.stop 프로토콜 핸들러 ["http-nio-9090"]을(를) 중지시킵니다.
02-Dec-2020 20:07:06.924 정보 [Thread-5] org.apache.coyote.AbstractProtocol.destroy 프로토콜 핸들러 ["http-nio-9090"]을(를) 소멸시킵니다.
02-Dec-2020 20:07:12.408 정보 [main] org.apache.catalina.startup.VersionLoggerListener.log 서버 버전 이름:    Apache Tomcat/8.5.60
02-Dec-2020 20:07:12.421 정보 [main] org.apache.catalina.startup.VersionLoggerListener.log Server 빌드 시각:  Nov 12 2020 17:31:55 UTC
02-Dec-2020 20:07:12.422 정보 [main] org.apache.catalina.startup.VersionLoggerListener.log Server 버전 번호:  8.5.60.0
02-Dec-2020 20:07:12.422 정보 [main] org.apache.catalina.startup.VersionLoggerListener.log 운영체제 이름:     Windows 10
02-Dec-2020 20:07:12.422 정보 [main] org.apache.catalina.startup.VersionLoggerListener.log 운영체제 버전:     10.0
02-Dec-2020 20:07:12.422 정보 [main] org.apache.catalina.startup.VersionLoggerListener.log 아키텍처:          amd64
02-Dec-2020 20:07:12.423 정보 [main] org.apache.catalina.startup.VersionLoggerListener.log 자바 홈:           C:\Program Files\Java\jre1.8.0_271
02-Dec-2020 20:07:12.423 정보 [main] org.apache.catalina.startup.VersionLoggerListener.log JVM 버전:          1.8.0_271-b09
02-Dec-2020 20:07:12.423 정보 [main] org.apache.catalina.startup.VersionLoggerListener.log JVM 벤더:          Oracle Corporation
02-Dec-2020 20:07:12.423 정보 [main] org.apache.catalina.startup.VersionLoggerListener.log CATALINA_BASE:     C:\JSP폴더\tomcat
02-Dec-2020 20:07:12.423 정보 [main] org.apache.catalina.startup.VersionLoggerListener.log CATALINA_HOME:     C:\JSP폴더\tomcat
02-Dec-2020 20:07:12.424 정보 [main] org.apache.catalina.startup.VersionLoggerListener.log 명령 행 아규먼트:  -Dcatalina.home=C:\JSP폴더\tomcat
02-Dec-2020 20:07:12.424 정보 [main] org.apache.catalina.startup.VersionLoggerListener.log 명령 행 아규먼트:  -Dcatalina.base=C:\JSP폴더\tomcat
02-Dec-2020 20:07:12.424 정보 [main] org.apache.catalina.startup.VersionLoggerListener.log 명령 행 아규먼트:  -Djava.io.tmpdir=C:\JSP폴더\tomcat\temp
02-Dec-2020 20:07:12.424 정보 [main] org.apache.catalina.startup.VersionLoggerListener.log 명령 행 아규먼트:  -Djava.util.logging.manager=org.apache.juli.ClassLoaderLogManager
02-Dec-2020 20:07:12.425 정보 [main] org.apache.catalina.startup.VersionLoggerListener.log 명령 행 아규먼트:  -Djava.util.logging.config.file=C:\JSP폴더\tomcat\conf\logging.properties
02-Dec-2020 20:07:12.425 정보 [main] org.apache.catalina.startup.VersionLoggerListener.log 명령 행 아규먼트:  exit
02-Dec-2020 20:07:12.428 정보 [main] org.apache.catalina.startup.VersionLoggerListener.log 명령 행 아규먼트:  abort
02-Dec-2020 20:07:12.428 정보 [main] org.apache.catalina.startup.VersionLoggerListener.log 명령 행 아규먼트:  -Xms128m
02-Dec-2020 20:07:12.429 정보 [main] org.apache.catalina.startup.VersionLoggerListener.log 명령 행 아규먼트:  -Xmx256m
02-Dec-2020 20:07:12.429 정보 [main] org.apache.catalina.core.AprLifecycleListener.lifecycleEvent APR 버전 [1.7.0]을(를) 사용한, APR 기반 Apache Tomcat Native 라이브러리 [1.2.25]을(를) 로드했습니다.
02-Dec-2020 20:07:12.429 정보 [main] org.apache.catalina.core.AprLifecycleListener.lifecycleEvent APR 용량정보들: IPv6 [true], sendfile [true], accept filters [false], random [true].
02-Dec-2020 20:07:12.430 정보 [main] org.apache.catalina.core.AprLifecycleListener.lifecycleEvent APR/OpenSSL 설정: useAprConnector [false], useOpenSSL [true]
02-Dec-2020 20:07:12.446 정보 [main] org.apache.catalina.core.AprLifecycleListener.initializeSSL OpenSSL이 성공적으로 초기화되었습니다: [OpenSSL 1.1.1g  21 Apr 2020]
02-Dec-2020 20:07:12.780 정보 [main] org.apache.coyote.AbstractProtocol.init 프로토콜 핸들러 ["http-nio-9090"]을(를) 초기화합니다.
02-Dec-2020 20:07:13.453 정보 [main] org.apache.tomcat.util.net.NioSelectorPool.getSharedSelector Using a shared selector for servlet write/read
02-Dec-2020 20:07:13.477 정보 [main] org.apache.catalina.startup.Catalina.load Initialization processed in 1881 ms
02-Dec-2020 20:07:13.545 정보 [main] org.apache.catalina.core.StandardService.startInternal 서비스 [Catalina]을(를) 시작합니다.
02-Dec-2020 20:07:13.545 정보 [main] org.apache.catalina.core.StandardEngine.startInternal Starting Servlet Engine: Apache Tomcat/8.5.60
02-Dec-2020 20:07:13.573 정보 [localhost-startStop-1] org.apache.catalina.startup.HostConfig.deployDirectory 웹 애플리케이션 디렉토리 [C:\JSP폴더\tomcat\webapps\docs]을(를) 배치합니다.
02-Dec-2020 20:07:14.009 정보 [localhost-startStop-1] org.apache.catalina.startup.HostConfig.deployDirectory 웹 애플리케이션 디렉토리 [C:\JSP폴더\tomcat\webapps\docs]에 대한 배치가 [447] 밀리초에 완료되었습니다.
02-Dec-2020 20:07:14.010 정보 [localhost-startStop-1] org.apache.catalina.startup.HostConfig.deployDirectory 웹 애플리케이션 디렉토리 [C:\JSP폴더\tomcat\webapps\manager]을(를) 배치합니다.
02-Dec-2020 20:07:14.063 정보 [localhost-startStop-1] org.apache.catalina.startup.HostConfig.deployDirectory 웹 애플리케이션 디렉토리 [C:\JSP폴더\tomcat\webapps\manager]에 대한 배치가 [54] 밀리초에 완료되었습니다.
02-Dec-2020 20:07:14.063 정보 [localhost-startStop-1] org.apache.catalina.startup.HostConfig.deployDirectory 웹 애플리케이션 디렉토리 [C:\JSP폴더\tomcat\webapps\ROOT]을(를) 배치합니다.
02-Dec-2020 20:07:14.100 정보 [localhost-startStop-1] org.apache.catalina.startup.HostConfig.deployDirectory 웹 애플리케이션 디렉토리 [C:\JSP폴더\tomcat\webapps\ROOT]에 대한 배치가 [36] 밀리초에 완료되었습니다.
02-Dec-2020 20:07:14.104 정보 [main] org.apache.coyote.AbstractProtocol.start 프로토콜 핸들러 ["http-nio-9090"]을(를) 시작합니다.
02-Dec-2020 20:07:14.123 정보 [main] org.apache.catalina.startup.Catalina.start Server startup in 646 ms
02-Dec-2020 20:17:21.994 정보 [Thread-5] org.apache.coyote.AbstractProtocol.pause 프로토콜 핸들러 ["http-nio-9090"]을(를) 일시 정지 중
02-Dec-2020 20:17:22.200 정보 [Thread-5] org.apache.catalina.core.StandardService.stopInternal 서비스 [Catalina]을(를) 중지시킵니다.
02-Dec-2020 20:17:22.200 정보 [Thread-5] org.apache.coyote.AbstractProtocol.stop 프로토콜 핸들러 ["http-nio-9090"]을(를) 중지시킵니다.
02-Dec-2020 20:17:22.216 정보 [Thread-5] org.apache.coyote.AbstractProtocol.destroy 프로토콜 핸들러 ["http-nio-9090"]을(를) 소멸시킵니다.
02-Dec-2020 20:20:46.666 정보 [main] org.apache.catalina.startup.VersionLoggerListener.log 서버 버전 이름:    Apache Tomcat/8.5.60
02-Dec-2020 20:20:46.705 정보 [main] org.apache.catalina.startup.VersionLoggerListener.log Server 빌드 시각:  Nov 12 2020 17:31:55 UTC
02-Dec-2020 20:20:46.705 정보 [main] org.apache.catalina.startup.VersionLoggerListener.log Server 버전 번호:  8.5.60.0
02-Dec-2020 20:20:46.705 정보 [main] org.apache.catalina.startup.VersionLoggerListener.log 운영체제 이름:     Windows 10
02-Dec-2020 20:20:46.706 정보 [main] org.apache.catalina.startup.VersionLoggerListener.log 운영체제 버전:     10.0
02-Dec-2020 20:20:46.706 정보 [main] org.apache.catalina.startup.VersionLoggerListener.log 아키텍처:          amd64
02-Dec-2020 20:20:46.706 정보 [main] org.apache.catalina.startup.VersionLoggerListener.log 자바 홈:           C:\Program Files\Java\jre1.8.0_271
02-Dec-2020 20:20:46.707 정보 [main] org.apache.catalina.startup.VersionLoggerListener.log JVM 버전:          1.8.0_271-b09
02-Dec-2020 20:20:46.707 정보 [main] org.apache.catalina.startup.VersionLoggerListener.log JVM 벤더:          Oracle Corporation
02-Dec-2020 20:20:46.707 정보 [main] org.apache.catalina.startup.VersionLoggerListener.log CATALINA_BASE:     C:\JSP폴더\tomcat
02-Dec-2020 20:20:46.708 정보 [main] org.apache.catalina.startup.VersionLoggerListener.log CATALINA_HOME:     C:\JSP폴더\tomcat
02-Dec-2020 20:20:46.708 정보 [main] org.apache.catalina.startup.VersionLoggerListener.log 명령 행 아규먼트:  -Dcatalina.home=C:\JSP폴더\tomcat
02-Dec-2020 20:20:46.710 정보 [main] org.apache.catalina.startup.VersionLoggerListener.log 명령 행 아규먼트:  -Dcatalina.base=C:\JSP폴더\tomcat
02-Dec-2020 20:20:46.726 정보 [main] org.apache.catalina.startup.VersionLoggerListener.log 명령 행 아규먼트:  -Djava.io.tmpdir=C:\JSP폴더\tomcat\temp
02-Dec-2020 20:20:46.727 정보 [main] org.apache.catalina.startup.VersionLoggerListener.log 명령 행 아규먼트:  -Djava.util.logging.manager=org.apache.juli.ClassLoaderLogManager
02-Dec-2020 20:20:46.729 정보 [main] org.apache.catalina.startup.VersionLoggerListener.log 명령 행 아규먼트:  -Djava.util.logging.config.file=C:\JSP폴더\tomcat\conf\logging.properties
02-Dec-2020 20:20:46.730 정보 [main] org.apache.catalina.startup.VersionLoggerListener.log 명령 행 아규먼트:  exit
02-Dec-2020 20:20:46.731 정보 [main] org.apache.catalina.startup.VersionLoggerListener.log 명령 행 아규먼트:  abort
02-Dec-2020 20:20:46.735 정보 [main] org.apache.catalina.startup.VersionLoggerListener.log 명령 행 아규먼트:  -Xms128m
02-Dec-2020 20:20:46.738 정보 [main] org.apache.catalina.startup.VersionLoggerListener.log 명령 행 아규먼트:  -Xmx256m
02-Dec-2020 20:20:46.738 정보 [main] org.apache.catalina.core.AprLifecycleListener.lifecycleEvent APR 버전 [1.7.0]을(를) 사용한, APR 기반 Apache Tomcat Native 라이브러리 [1.2.25]을(를) 로드했습니다.
02-Dec-2020 20:20:46.741 정보 [main] org.apache.catalina.core.AprLifecycleListener.lifecycleEvent APR 용량정보들: IPv6 [true], sendfile [true], accept filters [false], random [true].
02-Dec-2020 20:20:46.742 정보 [main] org.apache.catalina.core.AprLifecycleListener.lifecycleEvent APR/OpenSSL 설정: useAprConnector [false], useOpenSSL [true]
02-Dec-2020 20:20:46.751 정보 [main] org.apache.catalina.core.AprLifecycleListener.initializeSSL OpenSSL이 성공적으로 초기화되었습니다: [OpenSSL 1.1.1g  21 Apr 2020]
02-Dec-2020 20:20:47.092 정보 [main] org.apache.coyote.AbstractProtocol.init 프로토콜 핸들러 ["http-nio-9090"]을(를) 초기화합니다.
02-Dec-2020 20:20:47.449 정보 [main] org.apache.tomcat.util.net.NioSelectorPool.getSharedSelector Using a shared selector for servlet write/read
02-Dec-2020 20:20:47.463 정보 [main] org.apache.catalina.startup.Catalina.load Initialization processed in 1200 ms
02-Dec-2020 20:20:47.497 정보 [main] org.apache.catalina.core.StandardService.startInternal 서비스 [Catalina]을(를) 시작합니다.
02-Dec-2020 20:20:47.499 정보 [main] org.apache.catalina.core.StandardEngine.startInternal Starting Servlet Engine: Apache Tomcat/8.5.60
02-Dec-2020 20:20:47.519 정보 [localhost-startStop-1] org.apache.catalina.startup.HostConfig.deployDirectory 웹 애플리케이션 디렉토리 [C:\JSP폴더\tomcat\webapps\docs]을(를) 배치합니다.
02-Dec-2020 20:20:47.803 정보 [localhost-startStop-1] org.apache.catalina.startup.HostConfig.deployDirectory 웹 애플리케이션 디렉토리 [C:\JSP폴더\tomcat\webapps\docs]에 대한 배치가 [289] 밀리초에 완료되었습니다.
02-Dec-2020 20:20:47.809 정보 [localhost-startStop-1] org.apache.catalina.startup.HostConfig.deployDirectory 웹 애플리케이션 디렉토리 [C:\JSP폴더\tomcat\webapps\manager]을(를) 배치합니다.
02-Dec-2020 20:20:47.870 정보 [localhost-startStop-1] org.apache.catalina.startup.HostConfig.deployDirectory 웹 애플리케이션 디렉토리 [C:\JSP폴더\tomcat\webapps\manager]에 대한 배치가 [61] 밀리초에 완료되었습니다.
02-Dec-2020 20:20:47.872 정보 [localhost-startStop-1] org.apache.catalina.startup.HostConfig.deployDirectory 웹 애플리케이션 디렉토리 [C:\JSP폴더\tomcat\webapps\ROOT]을(를) 배치합니다.
02-Dec-2020 20:20:47.903 정보 [localhost-startStop-1] org.apache.catalina.startup.HostConfig.deployDirectory 웹 애플리케이션 디렉토리 [C:\JSP폴더\tomcat\webapps\ROOT]에 대한 배치가 [30] 밀리초에 완료되었습니다.
02-Dec-2020 20:20:47.907 정보 [main] org.apache.coyote.AbstractProtocol.start 프로토콜 핸들러 ["http-nio-9090"]을(를) 시작합니다.
02-Dec-2020 20:20:47.919 정보 [main] org.apache.catalina.startup.Catalina.start Server startup in 456 ms
02-Dec-2020 20:21:00.502 정보 [Thread-5] org.apache.coyote.AbstractProtocol.pause 프로토콜 핸들러 ["http-nio-9090"]을(를) 일시 정지 중
02-Dec-2020 20:21:00.722 정보 [Thread-5] org.apache.catalina.core.StandardService.stopInternal 서비스 [Catalina]을(를) 중지시킵니다.
02-Dec-2020 20:21:00.737 정보 [Thread-5] org.apache.coyote.AbstractProtocol.stop 프로토콜 핸들러 ["http-nio-9090"]을(를) 중지시킵니다.
02-Dec-2020 20:21:00.741 정보 [Thread-5] org.apache.coyote.AbstractProtocol.destroy 프로토콜 핸들러 ["http-nio-9090"]을(를) 소멸시킵니다.
02-Dec-2020 20:21:04.571 정보 [main] org.apache.catalina.startup.VersionLoggerListener.log 서버 버전 이름:    Apache Tomcat/8.5.60
02-Dec-2020 20:21:04.575 정보 [main] org.apache.catalina.startup.VersionLoggerListener.log Server 빌드 시각:  Nov 12 2020 17:31:55 UTC
02-Dec-2020 20:21:04.576 정보 [main] org.apache.catalina.startup.VersionLoggerListener.log Server 버전 번호:  8.5.60.0
02-Dec-2020 20:21:04.576 정보 [main] org.apache.catalina.startup.VersionLoggerListener.log 운영체제 이름:     Windows 10
02-Dec-2020 20:21:04.576 정보 [main] org.apache.catalina.startup.VersionLoggerListener.log 운영체제 버전:     10.0
02-Dec-2020 20:21:04.576 정보 [main] org.apache.catalina.startup.VersionLoggerListener.log 아키텍처:          amd64
02-Dec-2020 20:21:04.576 정보 [main] org.apache.catalina.startup.VersionLoggerListener.log 자바 홈:           C:\Program Files\Java\jre1.8.0_271
02-Dec-2020 20:21:04.577 정보 [main] org.apache.catalina.startup.VersionLoggerListener.log JVM 버전:          1.8.0_271-b09
02-Dec-2020 20:21:04.577 정보 [main] org.apache.catalina.startup.VersionLoggerListener.log JVM 벤더:          Oracle Corporation
02-Dec-2020 20:21:04.577 정보 [main] org.apache.catalina.startup.VersionLoggerListener.log CATALINA_BASE:     C:\JSP폴더\tomcat
02-Dec-2020 20:21:04.577 정보 [main] org.apache.catalina.startup.VersionLoggerListener.log CATALINA_HOME:     C:\JSP폴더\tomcat
02-Dec-2020 20:21:04.578 정보 [main] org.apache.catalina.startup.VersionLoggerListener.log 명령 행 아규먼트:  -Dcatalina.home=C:\JSP폴더\tomcat
02-Dec-2020 20:21:04.579 정보 [main] org.apache.catalina.startup.VersionLoggerListener.log 명령 행 아규먼트:  -Dcatalina.base=C:\JSP폴더\tomcat
02-Dec-2020 20:21:04.581 정보 [main] org.apache.catalina.startup.VersionLoggerListener.log 명령 행 아규먼트:  -Djava.io.tmpdir=C:\JSP폴더\tomcat\temp
02-Dec-2020 20:21:04.582 정보 [main] org.apache.catalina.startup.VersionLoggerListener.log 명령 행 아규먼트:  -Djava.util.logging.manager=org.apache.juli.ClassLoaderLogManager
02-Dec-2020 20:21:04.583 정보 [main] org.apache.catalina.startup.VersionLoggerListener.log 명령 행 아규먼트:  -Djava.util.logging.config.file=C:\JSP폴더\tomcat\conf\logging.properties
02-Dec-2020 20:21:04.586 정보 [main] org.apache.catalina.startup.VersionLoggerListener.log 명령 행 아규먼트:  exit
02-Dec-2020 20:21:04.588 정보 [main] org.apache.catalina.startup.VersionLoggerListener.log 명령 행 아규먼트:  abort
02-Dec-2020 20:21:04.589 정보 [main] org.apache.catalina.startup.VersionLoggerListener.log 명령 행 아규먼트:  -Xms128m
02-Dec-2020 20:21:04.590 정보 [main] org.apache.catalina.startup.VersionLoggerListener.log 명령 행 아규먼트:  -Xmx256m
02-Dec-2020 20:21:04.591 정보 [main] org.apache.catalina.core.AprLifecycleListener.lifecycleEvent APR 버전 [1.7.0]을(를) 사용한, APR 기반 Apache Tomcat Native 라이브러리 [1.2.25]을(를) 로드했습니다.
02-Dec-2020 20:21:04.593 정보 [main] org.apache.catalina.core.AprLifecycleListener.lifecycleEvent APR 용량정보들: IPv6 [true], sendfile [true], accept filters [false], random [true].
02-Dec-2020 20:21:04.594 정보 [main] org.apache.catalina.core.AprLifecycleListener.lifecycleEvent APR/OpenSSL 설정: useAprConnector [false], useOpenSSL [true]
02-Dec-2020 20:21:04.604 정보 [main] org.apache.catalina.core.AprLifecycleListener.initializeSSL OpenSSL이 성공적으로 초기화되었습니다: [OpenSSL 1.1.1g  21 Apr 2020]
02-Dec-2020 20:21:04.734 정보 [main] org.apache.coyote.AbstractProtocol.init 프로토콜 핸들러 ["http-nio-9090"]을(를) 초기화합니다.
02-Dec-2020 20:21:05.021 정보 [main] org.apache.tomcat.util.net.NioSelectorPool.getSharedSelector Using a shared selector for servlet write/read
02-Dec-2020 20:21:05.039 정보 [main] org.apache.catalina.startup.Catalina.load Initialization processed in 853 ms
02-Dec-2020 20:21:05.080 정보 [main] org.apache.catalina.core.StandardService.startInternal 서비스 [Catalina]을(를) 시작합니다.
02-Dec-2020 20:21:05.085 정보 [main] org.apache.catalina.core.StandardEngine.startInternal Starting Servlet Engine: Apache Tomcat/8.5.60
02-Dec-2020 20:21:05.102 정보 [localhost-startStop-1] org.apache.catalina.startup.HostConfig.deployDirectory 웹 애플리케이션 디렉토리 [C:\JSP폴더\tomcat\webapps\docs]을(를) 배치합니다.
02-Dec-2020 20:21:05.330 정보 [localhost-startStop-1] org.apache.catalina.startup.HostConfig.deployDirectory 웹 애플리케이션 디렉토리 [C:\JSP폴더\tomcat\webapps\docs]에 대한 배치가 [234] 밀리초에 완료되었습니다.
02-Dec-2020 20:21:05.335 정보 [localhost-startStop-1] org.apache.catalina.startup.HostConfig.deployDirectory 웹 애플리케이션 디렉토리 [C:\JSP폴더\tomcat\webapps\manager]을(를) 배치합니다.
02-Dec-2020 20:21:05.381 정보 [localhost-startStop-1] org.apache.catalina.startup.HostConfig.deployDirectory 웹 애플리케이션 디렉토리 [C:\JSP폴더\tomcat\webapps\manager]에 대한 배치가 [46] 밀리초에 완료되었습니다.
02-Dec-2020 20:21:05.383 정보 [localhost-startStop-1] org.apache.catalina.startup.HostConfig.deployDirectory 웹 애플리케이션 디렉토리 [C:\JSP폴더\tomcat\webapps\ROOT]을(를) 배치합니다.
02-Dec-2020 20:21:05.409 정보 [localhost-startStop-1] org.apache.catalina.startup.HostConfig.deployDirectory 웹 애플리케이션 디렉토리 [C:\JSP폴더\tomcat\webapps\ROOT]에 대한 배치가 [26] 밀리초에 완료되었습니다.
02-Dec-2020 20:21:05.413 정보 [main] org.apache.coyote.AbstractProtocol.start 프로토콜 핸들러 ["http-nio-9090"]을(를) 시작합니다.
02-Dec-2020 20:21:05.425 정보 [main] org.apache.catalina.startup.Catalina.start Server startup in 385 ms
02-Dec-2020 20:21:47.087 정보 [main] org.apache.catalina.startup.VersionLoggerListener.log 서버 버전 이름:    Apache Tomcat/8.5.60
02-Dec-2020 20:21:47.094 정보 [main] org.apache.catalina.startup.VersionLoggerListener.log Server 빌드 시각:  Nov 12 2020 17:31:55 UTC
02-Dec-2020 20:21:47.094 정보 [main] org.apache.catalina.startup.VersionLoggerListener.log Server 버전 번호:  8.5.60.0
02-Dec-2020 20:21:47.094 정보 [main] org.apache.catalina.startup.VersionLoggerListener.log 운영체제 이름:     Windows 10
02-Dec-2020 20:21:47.094 정보 [main] org.apache.catalina.startup.VersionLoggerListener.log 운영체제 버전:     10.0
02-Dec-2020 20:21:47.094 정보 [main] org.apache.catalina.startup.VersionLoggerListener.log 아키텍처:          amd64
02-Dec-2020 20:21:47.095 정보 [main] org.apache.catalina.startup.VersionLoggerListener.log 자바 홈:           C:\Program Files\Java\jre1.8.0_271
02-Dec-2020 20:21:47.095 정보 [main] org.apache.catalina.startup.VersionLoggerListener.log JVM 버전:          1.8.0_271-b09
02-Dec-2020 20:21:47.095 정보 [main] org.apache.catalina.startup.VersionLoggerListener.log JVM 벤더:          Oracle Corporation
02-Dec-2020 20:21:47.095 정보 [main] org.apache.catalina.startup.VersionLoggerListener.log CATALINA_BASE:     C:\JSP폴더\tomcat
02-Dec-2020 20:21:47.095 정보 [main] org.apache.catalina.startup.VersionLoggerListener.log CATALINA_HOME:     C:\JSP폴더\tomcat
02-Dec-2020 20:21:47.095 정보 [main] org.apache.catalina.startup.VersionLoggerListener.log 명령 행 아규먼트:  -Dcatalina.home=C:\JSP폴더\tomcat
02-Dec-2020 20:21:47.095 정보 [main] org.apache.catalina.startup.VersionLoggerListener.log 명령 행 아규먼트:  -Dcatalina.base=C:\JSP폴더\tomcat
02-Dec-2020 20:21:47.095 정보 [main] org.apache.catalina.startup.VersionLoggerListener.log 명령 행 아규먼트:  -Djava.io.tmpdir=C:\JSP폴더\tomcat\temp
02-Dec-2020 20:21:47.096 정보 [main] org.apache.catalina.startup.VersionLoggerListener.log 명령 행 아규먼트:  -Djava.util.logging.manager=org.apache.juli.ClassLoaderLogManager
02-Dec-2020 20:21:47.096 정보 [main] org.apache.catalina.startup.VersionLoggerListener.log 명령 행 아규먼트:  -Djava.util.logging.config.file=C:\JSP폴더\tomcat\conf\logging.properties
02-Dec-2020 20:21:47.096 정보 [main] org.apache.catalina.startup.VersionLoggerListener.log 명령 행 아규먼트:  exit
02-Dec-2020 20:21:47.101 정보 [main] org.apache.catalina.startup.VersionLoggerListener.log 명령 행 아규먼트:  abort
02-Dec-2020 20:21:47.101 정보 [main] org.apache.catalina.startup.VersionLoggerListener.log 명령 행 아규먼트:  -Xms128m
02-Dec-2020 20:21:47.101 정보 [main] org.apache.catalina.startup.VersionLoggerListener.log 명령 행 아규먼트:  -Xmx256m
02-Dec-2020 20:21:47.102 정보 [main] org.apache.catalina.core.AprLifecycleListener.lifecycleEvent APR 버전 [1.7.0]을(를) 사용한, APR 기반 Apache Tomcat Native 라이브러리 [1.2.25]을(를) 로드했습니다.
02-Dec-2020 20:21:47.102 정보 [main] org.apache.catalina.core.AprLifecycleListener.lifecycleEvent APR 용량정보들: IPv6 [true], sendfile [true], accept filters [false], random [true].
02-Dec-2020 20:21:47.102 정보 [main] org.apache.catalina.core.AprLifecycleListener.lifecycleEvent APR/OpenSSL 설정: useAprConnector [false], useOpenSSL [true]
02-Dec-2020 20:21:47.107 정보 [main] org.apache.catalina.core.AprLifecycleListener.initializeSSL OpenSSL이 성공적으로 초기화되었습니다: [OpenSSL 1.1.1g  21 Apr 2020]
02-Dec-2020 20:21:47.241 정보 [main] org.apache.coyote.AbstractProtocol.init 프로토콜 핸들러 ["http-nio-9090"]을(를) 초기화합니다.
02-Dec-2020 20:21:47.257 심각 [main] org.apache.catalina.core.StandardService.initInternal Failed to initialize connector [Connector[HTTP/1.1-9090]]
	org.apache.catalina.LifecycleException: 프로토콜 핸들러 초기화가 실패했습니다.
		at org.apache.catalina.connector.Connector.initInternal(Connector.java:1077)
		at org.apache.catalina.util.LifecycleBase.init(LifecycleBase.java:136)
		at org.apache.catalina.core.StandardService.initInternal(StandardService.java:552)
		at org.apache.catalina.util.LifecycleBase.init(LifecycleBase.java:136)
		at org.apache.catalina.core.StandardServer.initInternal(StandardServer.java:848)
		at org.apache.catalina.util.LifecycleBase.init(LifecycleBase.java:136)
		at org.apache.catalina.startup.Catalina.load(Catalina.java:639)
		at org.apache.catalina.startup.Catalina.load(Catalina.java:662)
		at sun.reflect.NativeMethodAccessorImpl.invoke0(Native Method)
		at sun.reflect.NativeMethodAccessorImpl.invoke(Unknown Source)
		at sun.reflect.DelegatingMethodAccessorImpl.invoke(Unknown Source)
		at java.lang.reflect.Method.invoke(Unknown Source)
		at org.apache.catalina.startup.Bootstrap.load(Bootstrap.java:302)
		at org.apache.catalina.startup.Bootstrap.main(Bootstrap.java:472)
	Caused by: java.net.BindException: Address already in use: bind
		at sun.nio.ch.Net.bind0(Native Method)
		at sun.nio.ch.Net.bind(Unknown Source)
		at sun.nio.ch.Net.bind(Unknown Source)
		at sun.nio.ch.ServerSocketChannelImpl.bind(Unknown Source)
		at sun.nio.ch.ServerSocketAdaptor.bind(Unknown Source)
		at org.apache.tomcat.util.net.NioEndpoint.bind(NioEndpoint.java:223)
		at org.apache.tomcat.util.net.AbstractEndpoint.init(AbstractEndpoint.java:1118)
		at org.apache.tomcat.util.net.AbstractJsseEndpoint.init(AbstractJsseEndpoint.java:222)
		at org.apache.coyote.AbstractProtocol.init(AbstractProtocol.java:599)
		at org.apache.coyote.http11.AbstractHttp11Protocol.init(AbstractHttp11Protocol.java:80)
		at org.apache.catalina.connector.Connector.initInternal(Connector.java:1075)
		... 13 more
02-Dec-2020 20:21:47.259 정보 [main] org.apache.catalina.startup.Catalina.load Initialization processed in 580 ms
02-Dec-2020 20:21:47.296 정보 [main] org.apache.catalina.core.StandardService.startInternal 서비스 [Catalina]을(를) 시작합니다.
02-Dec-2020 20:21:47.297 정보 [main] org.apache.catalina.core.StandardEngine.startInternal Starting Servlet Engine: Apache Tomcat/8.5.60
02-Dec-2020 20:21:47.307 정보 [localhost-startStop-1] org.apache.catalina.startup.HostConfig.deployDirectory 웹 애플리케이션 디렉토리 [C:\JSP폴더\tomcat\webapps\docs]을(를) 배치합니다.
02-Dec-2020 20:21:47.758 경고 [localhost-startStop-1] org.apache.catalina.util.SessionIdGeneratorBase.createSecureRandom [SHA1PRNG] 알고리즘을 사용하여, 세션 ID를 생성하기 위한 SecureRandom 객체를 생성하는데, [215] 밀리초가 소요됐습니다.
02-Dec-2020 20:21:47.777 정보 [localhost-startStop-1] org.apache.catalina.startup.HostConfig.deployDirectory 웹 애플리케이션 디렉토리 [C:\JSP폴더\tomcat\webapps\docs]에 대한 배치가 [470] 밀리초에 완료되었습니다.
02-Dec-2020 20:21:47.778 정보 [localhost-startStop-1] org.apache.catalina.startup.HostConfig.deployDirectory 웹 애플리케이션 디렉토리 [C:\JSP폴더\tomcat\webapps\manager]을(를) 배치합니다.
02-Dec-2020 20:21:47.825 정보 [localhost-startStop-1] org.apache.catalina.startup.HostConfig.deployDirectory 웹 애플리케이션 디렉토리 [C:\JSP폴더\tomcat\webapps\manager]에 대한 배치가 [47] 밀리초에 완료되었습니다.
02-Dec-2020 20:21:47.825 정보 [localhost-startStop-1] org.apache.catalina.startup.HostConfig.deployDirectory 웹 애플리케이션 디렉토리 [C:\JSP폴더\tomcat\webapps\ROOT]을(를) 배치합니다.
02-Dec-2020 20:21:47.854 정보 [localhost-startStop-1] org.apache.catalina.startup.HostConfig.deployDirectory 웹 애플리케이션 디렉토리 [C:\JSP폴더\tomcat\webapps\ROOT]에 대한 배치가 [29] 밀리초에 완료되었습니다.
02-Dec-2020 20:21:47.857 정보 [main] org.apache.catalina.startup.Catalina.start Server startup in 597 ms
02-Dec-2020 20:21:47.861 심각 [main] org.apache.catalina.core.StandardServer.await StandardServer.await: create[localhost:8005]: 
	java.net.BindException: Address already in use: JVM_Bind
		at java.net.DualStackPlainSocketImpl.bind0(Native Method)
		at java.net.DualStackPlainSocketImpl.socketBind(Unknown Source)
		at java.net.AbstractPlainSocketImpl.bind(Unknown Source)
		at java.net.PlainSocketImpl.bind(Unknown Source)
		at java.net.ServerSocket.bind(Unknown Source)
		at java.net.ServerSocket.<init>(Unknown Source)
		at org.apache.catalina.core.StandardServer.await(StandardServer.java:421)
		at org.apache.catalina.startup.Catalina.await(Catalina.java:776)
		at org.apache.catalina.startup.Catalina.start(Catalina.java:722)
		at sun.reflect.NativeMethodAccessorImpl.invoke0(Native Method)
		at sun.reflect.NativeMethodAccessorImpl.invoke(Unknown Source)
		at sun.reflect.DelegatingMethodAccessorImpl.invoke(Unknown Source)
		at java.lang.reflect.Method.invoke(Unknown Source)
		at org.apache.catalina.startup.Bootstrap.start(Bootstrap.java:342)
		at org.apache.catalina.startup.Bootstrap.main(Bootstrap.java:473)
02-Dec-2020 20:21:47.862 정보 [main] org.apache.coyote.AbstractProtocol.pause 프로토콜 핸들러 ["http-nio-9090"]을(를) 일시 정지 중
02-Dec-2020 20:21:47.862 정보 [main] org.apache.catalina.core.StandardService.stopInternal 서비스 [Catalina]을(를) 중지시킵니다.
02-Dec-2020 20:21:47.875 정보 [main] org.apache.coyote.AbstractProtocol.stop 프로토콜 핸들러 ["http-nio-9090"]을(를) 중지시킵니다.
02-Dec-2020 20:21:47.876 정보 [main] org.apache.coyote.AbstractProtocol.destroy 프로토콜 핸들러 ["http-nio-9090"]을(를) 소멸시킵니다.
02-Dec-2020 20:22:02.531 정보 [Thread-5] org.apache.coyote.AbstractProtocol.pause 프로토콜 핸들러 ["http-nio-9090"]을(를) 일시 정지 중
02-Dec-2020 20:22:10.785 정보 [main] org.apache.catalina.startup.VersionLoggerListener.log 서버 버전 이름:    Apache Tomcat/8.5.60
02-Dec-2020 20:22:10.785 정보 [main] org.apache.catalina.startup.VersionLoggerListener.log Server 빌드 시각:  Nov 12 2020 17:31:55 UTC
02-Dec-2020 20:22:10.785 정보 [main] org.apache.catalina.startup.VersionLoggerListener.log Server 버전 번호:  8.5.60.0
02-Dec-2020 20:22:10.785 정보 [main] org.apache.catalina.startup.VersionLoggerListener.log 운영체제 이름:     Windows 10
02-Dec-2020 20:22:10.785 정보 [main] org.apache.catalina.startup.VersionLoggerListener.log 운영체제 버전:     10.0
02-Dec-2020 20:22:10.785 정보 [main] org.apache.catalina.startup.VersionLoggerListener.log 아키텍처:          amd64
02-Dec-2020 20:22:10.785 정보 [main] org.apache.catalina.startup.VersionLoggerListener.log 자바 홈:           C:\Program Files\Java\jre1.8.0_271
02-Dec-2020 20:22:10.800 정보 [main] org.apache.catalina.startup.VersionLoggerListener.log JVM 버전:          1.8.0_271-b09
02-Dec-2020 20:22:10.800 정보 [main] org.apache.catalina.startup.VersionLoggerListener.log JVM 벤더:          Oracle Corporation
02-Dec-2020 20:22:10.800 정보 [main] org.apache.catalina.startup.VersionLoggerListener.log CATALINA_BASE:     C:\JSP폴더\tomcat
02-Dec-2020 20:22:10.800 정보 [main] org.apache.catalina.startup.VersionLoggerListener.log CATALINA_HOME:     C:\JSP폴더\tomcat
02-Dec-2020 20:22:10.800 정보 [main] org.apache.catalina.startup.VersionLoggerListener.log 명령 행 아규먼트:  -Dcatalina.home=C:\JSP폴더\tomcat
02-Dec-2020 20:22:10.800 정보 [main] org.apache.catalina.startup.VersionLoggerListener.log 명령 행 아규먼트:  -Dcatalina.base=C:\JSP폴더\tomcat
02-Dec-2020 20:22:10.805 정보 [main] org.apache.catalina.startup.VersionLoggerListener.log 명령 행 아규먼트:  -Djava.io.tmpdir=C:\JSP폴더\tomcat\temp
02-Dec-2020 20:22:10.807 정보 [main] org.apache.catalina.startup.VersionLoggerListener.log 명령 행 아규먼트:  -Djava.util.logging.manager=org.apache.juli.ClassLoaderLogManager
02-Dec-2020 20:22:10.815 정보 [main] org.apache.catalina.startup.VersionLoggerListener.log 명령 행 아규먼트:  -Djava.util.logging.config.file=C:\JSP폴더\tomcat\conf\logging.properties
02-Dec-2020 20:22:10.816 정보 [main] org.apache.catalina.startup.VersionLoggerListener.log 명령 행 아규먼트:  exit
02-Dec-2020 20:22:10.819 정보 [main] org.apache.catalina.startup.VersionLoggerListener.log 명령 행 아규먼트:  abort
02-Dec-2020 20:22:10.823 정보 [main] org.apache.catalina.startup.VersionLoggerListener.log 명령 행 아규먼트:  -Xms128m
02-Dec-2020 20:22:10.826 정보 [main] org.apache.catalina.startup.VersionLoggerListener.log 명령 행 아규먼트:  -Xmx256m
02-Dec-2020 20:22:10.830 정보 [main] org.apache.catalina.core.AprLifecycleListener.lifecycleEvent APR 버전 [1.7.0]을(를) 사용한, APR 기반 Apache Tomcat Native 라이브러리 [1.2.25]을(를) 로드했습니다.
02-Dec-2020 20:22:10.835 정보 [main] org.apache.catalina.core.AprLifecycleListener.lifecycleEvent APR 용량정보들: IPv6 [true], sendfile [true], accept filters [false], random [true].
02-Dec-2020 20:22:10.835 정보 [main] org.apache.catalina.core.AprLifecycleListener.lifecycleEvent APR/OpenSSL 설정: useAprConnector [false], useOpenSSL [true]
02-Dec-2020 20:22:10.841 정보 [main] org.apache.catalina.core.AprLifecycleListener.initializeSSL OpenSSL이 성공적으로 초기화되었습니다: [OpenSSL 1.1.1g  21 Apr 2020]
02-Dec-2020 20:22:10.981 정보 [main] org.apache.coyote.AbstractProtocol.init 프로토콜 핸들러 ["http-nio-9090"]을(를) 초기화합니다.
02-Dec-2020 20:22:11.250 정보 [main] org.apache.tomcat.util.net.NioSelectorPool.getSharedSelector Using a shared selector for servlet write/read
02-Dec-2020 20:22:11.265 정보 [main] org.apache.catalina.startup.Catalina.load Initialization processed in 851 ms
02-Dec-2020 20:22:11.297 정보 [main] org.apache.catalina.core.StandardService.startInternal 서비스 [Catalina]을(를) 시작합니다.
02-Dec-2020 20:22:11.297 정보 [main] org.apache.catalina.core.StandardEngine.startInternal Starting Servlet Engine: Apache Tomcat/8.5.60
02-Dec-2020 20:22:11.312 정보 [localhost-startStop-1] org.apache.catalina.startup.HostConfig.deployDirectory 웹 애플리케이션 디렉토리 [C:\JSP폴더\tomcat\webapps\docs]을(를) 배치합니다.
02-Dec-2020 20:22:11.562 정보 [localhost-startStop-1] org.apache.catalina.startup.HostConfig.deployDirectory 웹 애플리케이션 디렉토리 [C:\JSP폴더\tomcat\webapps\docs]에 대한 배치가 [249] 밀리초에 완료되었습니다.
02-Dec-2020 20:22:11.565 정보 [localhost-startStop-1] org.apache.catalina.startup.HostConfig.deployDirectory 웹 애플리케이션 디렉토리 [C:\JSP폴더\tomcat\webapps\manager]을(를) 배치합니다.
02-Dec-2020 20:22:11.612 정보 [localhost-startStop-1] org.apache.catalina.startup.HostConfig.deployDirectory 웹 애플리케이션 디렉토리 [C:\JSP폴더\tomcat\webapps\manager]에 대한 배치가 [47] 밀리초에 완료되었습니다.
02-Dec-2020 20:22:11.612 정보 [localhost-startStop-1] org.apache.catalina.startup.HostConfig.deployDirectory 웹 애플리케이션 디렉토리 [C:\JSP폴더\tomcat\webapps\ROOT]을(를) 배치합니다.
02-Dec-2020 20:22:11.644 정보 [localhost-startStop-1] org.apache.catalina.startup.HostConfig.deployDirectory 웹 애플리케이션 디렉토리 [C:\JSP폴더\tomcat\webapps\ROOT]에 대한 배치가 [32] 밀리초에 완료되었습니다.
02-Dec-2020 20:22:11.644 정보 [main] org.apache.coyote.AbstractProtocol.start 프로토콜 핸들러 ["http-nio-9090"]을(를) 시작합니다.
02-Dec-2020 20:22:11.659 정보 [main] org.apache.catalina.startup.Catalina.start Server startup in 390 ms
02-Dec-2020 20:22:32.980 정보 [Thread-5] org.apache.coyote.AbstractProtocol.pause 프로토콜 핸들러 ["http-nio-9090"]을(를) 일시 정지 중
02-Dec-2020 20:24:01.107 정보 [main] org.apache.catalina.startup.VersionLoggerListener.log 서버 버전 이름:    Apache Tomcat/8.5.60
02-Dec-2020 20:24:01.107 정보 [main] org.apache.catalina.startup.VersionLoggerListener.log Server 빌드 시각:  Nov 12 2020 17:31:55 UTC
02-Dec-2020 20:24:01.107 정보 [main] org.apache.catalina.startup.VersionLoggerListener.log Server 버전 번호:  8.5.60.0
02-Dec-2020 20:24:01.107 정보 [main] org.apache.catalina.startup.VersionLoggerListener.log 운영체제 이름:     Windows 10
02-Dec-2020 20:24:01.107 정보 [main] org.apache.catalina.startup.VersionLoggerListener.log 운영체제 버전:     10.0
02-Dec-2020 20:24:01.107 정보 [main] org.apache.catalina.startup.VersionLoggerListener.log 아키텍처:          amd64
02-Dec-2020 20:24:01.107 정보 [main] org.apache.catalina.startup.VersionLoggerListener.log 자바 홈:           C:\Program Files\Java\jre1.8.0_271
02-Dec-2020 20:24:01.107 정보 [main] org.apache.catalina.startup.VersionLoggerListener.log JVM 버전:          1.8.0_271-b09
02-Dec-2020 20:24:01.107 정보 [main] org.apache.catalina.startup.VersionLoggerListener.log JVM 벤더:          Oracle Corporation
02-Dec-2020 20:24:01.107 정보 [main] org.apache.catalina.startup.VersionLoggerListener.log CATALINA_BASE:     C:\JSP폴더\tomcat
02-Dec-2020 20:24:01.107 정보 [main] org.apache.catalina.startup.VersionLoggerListener.log CATALINA_HOME:     C:\JSP폴더\tomcat
02-Dec-2020 20:24:01.107 정보 [main] org.apache.catalina.startup.VersionLoggerListener.log 명령 행 아규먼트:  -Dcatalina.home=C:\JSP폴더\tomcat
02-Dec-2020 20:24:01.107 정보 [main] org.apache.catalina.startup.VersionLoggerListener.log 명령 행 아규먼트:  -Dcatalina.base=C:\JSP폴더\tomcat
02-Dec-2020 20:24:01.107 정보 [main] org.apache.catalina.startup.VersionLoggerListener.log 명령 행 아규먼트:  -Djava.io.tmpdir=C:\JSP폴더\tomcat\temp
02-Dec-2020 20:24:01.107 정보 [main] org.apache.catalina.startup.VersionLoggerListener.log 명령 행 아규먼트:  -Djava.util.logging.manager=org.apache.juli.ClassLoaderLogManager
02-Dec-2020 20:24:01.107 정보 [main] org.apache.catalina.startup.VersionLoggerListener.log 명령 행 아규먼트:  -Djava.util.logging.config.file=C:\JSP폴더\tomcat\conf\logging.properties
02-Dec-2020 20:24:01.107 정보 [main] org.apache.catalina.startup.VersionLoggerListener.log 명령 행 아규먼트:  exit
02-Dec-2020 20:24:01.107 정보 [main] org.apache.catalina.startup.VersionLoggerListener.log 명령 행 아규먼트:  abort
02-Dec-2020 20:24:01.123 정보 [main] org.apache.catalina.startup.VersionLoggerListener.log 명령 행 아규먼트:  -Xms128m
02-Dec-2020 20:24:01.123 정보 [main] org.apache.catalina.startup.VersionLoggerListener.log 명령 행 아규먼트:  -Xmx256m
02-Dec-2020 20:24:01.123 정보 [main] org.apache.catalina.core.AprLifecycleListener.lifecycleEvent APR 버전 [1.7.0]을(를) 사용한, APR 기반 Apache Tomcat Native 라이브러리 [1.2.25]을(를) 로드했습니다.
02-Dec-2020 20:24:01.123 정보 [main] org.apache.catalina.core.AprLifecycleListener.lifecycleEvent APR 용량정보들: IPv6 [true], sendfile [true], accept filters [false], random [true].
02-Dec-2020 20:24:01.123 정보 [main] org.apache.catalina.core.AprLifecycleListener.lifecycleEvent APR/OpenSSL 설정: useAprConnector [false], useOpenSSL [true]
02-Dec-2020 20:24:01.123 정보 [main] org.apache.catalina.core.AprLifecycleListener.initializeSSL OpenSSL이 성공적으로 초기화되었습니다: [OpenSSL 1.1.1g  21 Apr 2020]
02-Dec-2020 20:24:01.247 정보 [main] org.apache.coyote.AbstractProtocol.init 프로토콜 핸들러 ["http-nio-9090"]을(를) 초기화합니다.
02-Dec-2020 20:24:01.513 정보 [main] org.apache.tomcat.util.net.NioSelectorPool.getSharedSelector Using a shared selector for servlet write/read
02-Dec-2020 20:24:01.513 정보 [main] org.apache.catalina.startup.Catalina.load Initialization processed in 798 ms
02-Dec-2020 20:24:01.544 정보 [main] org.apache.catalina.core.StandardService.startInternal 서비스 [Catalina]을(를) 시작합니다.
02-Dec-2020 20:24:01.544 정보 [main] org.apache.catalina.core.StandardEngine.startInternal Starting Servlet Engine: Apache Tomcat/8.5.60
02-Dec-2020 20:24:01.576 정보 [localhost-startStop-1] org.apache.catalina.startup.HostConfig.deployDirectory 웹 애플리케이션 디렉토리 [C:\JSP폴더\tomcat\webapps\docs]을(를) 배치합니다.
02-Dec-2020 20:24:01.794 정보 [localhost-startStop-1] org.apache.catalina.startup.HostConfig.deployDirectory 웹 애플리케이션 디렉토리 [C:\JSP폴더\tomcat\webapps\docs]에 대한 배치가 [218] 밀리초에 완료되었습니다.
02-Dec-2020 20:24:01.794 정보 [localhost-startStop-1] org.apache.catalina.startup.HostConfig.deployDirectory 웹 애플리케이션 디렉토리 [C:\JSP폴더\tomcat\webapps\manager]을(를) 배치합니다.
02-Dec-2020 20:24:01.841 정보 [localhost-startStop-1] org.apache.catalina.startup.HostConfig.deployDirectory 웹 애플리케이션 디렉토리 [C:\JSP폴더\tomcat\webapps\manager]에 대한 배치가 [47] 밀리초에 완료되었습니다.
02-Dec-2020 20:24:01.841 정보 [localhost-startStop-1] org.apache.catalina.startup.HostConfig.deployDirectory 웹 애플리케이션 디렉토리 [C:\JSP폴더\tomcat\webapps\ROOT]을(를) 배치합니다.
02-Dec-2020 20:24:01.872 정보 [localhost-startStop-1] org.apache.catalina.startup.HostConfig.deployDirectory 웹 애플리케이션 디렉토리 [C:\JSP폴더\tomcat\webapps\ROOT]에 대한 배치가 [31] 밀리초에 완료되었습니다.
02-Dec-2020 20:24:01.872 정보 [main] org.apache.coyote.AbstractProtocol.start 프로토콜 핸들러 ["http-nio-9090"]을(를) 시작합니다.
02-Dec-2020 20:24:01.888 정보 [main] org.apache.catalina.startup.Catalina.start Server startup in 367 ms
02-Dec-2020 20:28:12.614 정보 [main] org.apache.catalina.startup.VersionLoggerListener.log 서버 버전 이름:    Apache Tomcat/8.5.60
02-Dec-2020 20:28:12.622 정보 [main] org.apache.catalina.startup.VersionLoggerListener.log Server 빌드 시각:  Nov 12 2020 17:31:55 UTC
02-Dec-2020 20:28:12.622 정보 [main] org.apache.catalina.startup.VersionLoggerListener.log Server 버전 번호:  8.5.60.0
02-Dec-2020 20:28:12.622 정보 [main] org.apache.catalina.startup.VersionLoggerListener.log 운영체제 이름:     Windows 10
02-Dec-2020 20:28:12.622 정보 [main] org.apache.catalina.startup.VersionLoggerListener.log 운영체제 버전:     10.0
02-Dec-2020 20:28:12.623 정보 [main] org.apache.catalina.startup.VersionLoggerListener.log 아키텍처:          amd64
02-Dec-2020 20:28:12.623 정보 [main] org.apache.catalina.startup.VersionLoggerListener.log 자바 홈:           C:\Program Files\Java\jre1.8.0_271
02-Dec-2020 20:28:12.623 정보 [main] org.apache.catalina.startup.VersionLoggerListener.log JVM 버전:          1.8.0_271-b09
02-Dec-2020 20:28:12.623 정보 [main] org.apache.catalina.startup.VersionLoggerListener.log JVM 벤더:          Oracle Corporation
02-Dec-2020 20:28:12.623 정보 [main] org.apache.catalina.startup.VersionLoggerListener.log CATALINA_BASE:     C:\JSP폴더\tomcat
02-Dec-2020 20:28:12.623 정보 [main] org.apache.catalina.startup.VersionLoggerListener.log CATALINA_HOME:     C:\JSP폴더\tomcat
02-Dec-2020 20:28:12.623 정보 [main] org.apache.catalina.startup.VersionLoggerListener.log 명령 행 아규먼트:  -Dcatalina.home=C:\JSP폴더\tomcat
02-Dec-2020 20:28:12.623 정보 [main] org.apache.catalina.startup.VersionLoggerListener.log 명령 행 아규먼트:  -Dcatalina.base=C:\JSP폴더\tomcat
02-Dec-2020 20:28:12.623 정보 [main] org.apache.catalina.startup.VersionLoggerListener.log 명령 행 아규먼트:  -Djava.io.tmpdir=C:\JSP폴더\tomcat\temp
02-Dec-2020 20:28:12.623 정보 [main] org.apache.catalina.startup.VersionLoggerListener.log 명령 행 아규먼트:  -Djava.util.logging.manager=org.apache.juli.ClassLoaderLogManager
02-Dec-2020 20:28:12.624 정보 [main] org.apache.catalina.startup.VersionLoggerListener.log 명령 행 아규먼트:  -Djava.util.logging.config.file=C:\JSP폴더\tomcat\conf\logging.properties
02-Dec-2020 20:28:12.624 정보 [main] org.apache.catalina.startup.VersionLoggerListener.log 명령 행 아규먼트:  exit
02-Dec-2020 20:28:12.629 정보 [main] org.apache.catalina.startup.VersionLoggerListener.log 명령 행 아규먼트:  abort
02-Dec-2020 20:28:12.629 정보 [main] org.apache.catalina.startup.VersionLoggerListener.log 명령 행 아규먼트:  -Xms128m
02-Dec-2020 20:28:12.630 정보 [main] org.apache.catalina.startup.VersionLoggerListener.log 명령 행 아규먼트:  -Xmx256m
02-Dec-2020 20:28:12.630 정보 [main] org.apache.catalina.core.AprLifecycleListener.lifecycleEvent APR 버전 [1.7.0]을(를) 사용한, APR 기반 Apache Tomcat Native 라이브러리 [1.2.25]을(를) 로드했습니다.
02-Dec-2020 20:28:12.630 정보 [main] org.apache.catalina.core.AprLifecycleListener.lifecycleEvent APR 용량정보들: IPv6 [true], sendfile [true], accept filters [false], random [true].
02-Dec-2020 20:28:12.630 정보 [main] org.apache.catalina.core.AprLifecycleListener.lifecycleEvent APR/OpenSSL 설정: useAprConnector [false], useOpenSSL [true]
02-Dec-2020 20:28:12.635 정보 [main] org.apache.catalina.core.AprLifecycleListener.initializeSSL OpenSSL이 성공적으로 초기화되었습니다: [OpenSSL 1.1.1g  21 Apr 2020]
02-Dec-2020 20:28:12.768 정보 [main] org.apache.coyote.AbstractProtocol.init 프로토콜 핸들러 ["http-nio-9090"]을(를) 초기화합니다.
02-Dec-2020 20:28:12.780 심각 [main] org.apache.catalina.core.StandardService.initInternal Failed to initialize connector [Connector[HTTP/1.1-9090]]
	org.apache.catalina.LifecycleException: 프로토콜 핸들러 초기화가 실패했습니다.
		at org.apache.catalina.connector.Connector.initInternal(Connector.java:1077)
		at org.apache.catalina.util.LifecycleBase.init(LifecycleBase.java:136)
		at org.apache.catalina.core.StandardService.initInternal(StandardService.java:552)
		at org.apache.catalina.util.LifecycleBase.init(LifecycleBase.java:136)
		at org.apache.catalina.core.StandardServer.initInternal(StandardServer.java:848)
		at org.apache.catalina.util.LifecycleBase.init(LifecycleBase.java:136)
		at org.apache.catalina.startup.Catalina.load(Catalina.java:639)
		at org.apache.catalina.startup.Catalina.load(Catalina.java:662)
		at sun.reflect.NativeMethodAccessorImpl.invoke0(Native Method)
		at sun.reflect.NativeMethodAccessorImpl.invoke(Unknown Source)
		at sun.reflect.DelegatingMethodAccessorImpl.invoke(Unknown Source)
		at java.lang.reflect.Method.invoke(Unknown Source)
		at org.apache.catalina.startup.Bootstrap.load(Bootstrap.java:302)
		at org.apache.catalina.startup.Bootstrap.main(Bootstrap.java:472)
	Caused by: java.net.BindException: Address already in use: bind
		at sun.nio.ch.Net.bind0(Native Method)
		at sun.nio.ch.Net.bind(Unknown Source)
		at sun.nio.ch.Net.bind(Unknown Source)
		at sun.nio.ch.ServerSocketChannelImpl.bind(Unknown Source)
		at sun.nio.ch.ServerSocketAdaptor.bind(Unknown Source)
		at org.apache.tomcat.util.net.NioEndpoint.bind(NioEndpoint.java:223)
		at org.apache.tomcat.util.net.AbstractEndpoint.init(AbstractEndpoint.java:1118)
		at org.apache.tomcat.util.net.AbstractJsseEndpoint.init(AbstractJsseEndpoint.java:222)
		at org.apache.coyote.AbstractProtocol.init(AbstractProtocol.java:599)
		at org.apache.coyote.http11.AbstractHttp11Protocol.init(AbstractHttp11Protocol.java:80)
		at org.apache.catalina.connector.Connector.initInternal(Connector.java:1075)
		... 13 more
02-Dec-2020 20:28:12.782 정보 [main] org.apache.catalina.startup.Catalina.load Initialization processed in 580 ms
02-Dec-2020 20:28:12.820 정보 [main] org.apache.catalina.core.StandardService.startInternal 서비스 [Catalina]을(를) 시작합니다.
02-Dec-2020 20:28:12.821 정보 [main] org.apache.catalina.core.StandardEngine.startInternal Starting Servlet Engine: Apache Tomcat/8.5.60
02-Dec-2020 20:28:12.832 정보 [localhost-startStop-1] org.apache.catalina.startup.HostConfig.deployDirectory 웹 애플리케이션 디렉토리 [C:\JSP폴더\tomcat\webapps\docs]을(를) 배치합니다.
02-Dec-2020 20:28:13.275 경고 [localhost-startStop-1] org.apache.catalina.util.SessionIdGeneratorBase.createSecureRandom [SHA1PRNG] 알고리즘을 사용하여, 세션 ID를 생성하기 위한 SecureRandom 객체를 생성하는데, [212] 밀리초가 소요됐습니다.
02-Dec-2020 20:28:13.294 정보 [localhost-startStop-1] org.apache.catalina.startup.HostConfig.deployDirectory 웹 애플리케이션 디렉토리 [C:\JSP폴더\tomcat\webapps\docs]에 대한 배치가 [462] 밀리초에 완료되었습니다.
02-Dec-2020 20:28:13.294 정보 [localhost-startStop-1] org.apache.catalina.startup.HostConfig.deployDirectory 웹 애플리케이션 디렉토리 [C:\JSP폴더\tomcat\webapps\manager]을(를) 배치합니다.
02-Dec-2020 20:28:13.339 정보 [localhost-startStop-1] org.apache.catalina.startup.HostConfig.deployDirectory 웹 애플리케이션 디렉토리 [C:\JSP폴더\tomcat\webapps\manager]에 대한 배치가 [44] 밀리초에 완료되었습니다.
02-Dec-2020 20:28:13.339 정보 [localhost-startStop-1] org.apache.catalina.startup.HostConfig.deployDirectory 웹 애플리케이션 디렉토리 [C:\JSP폴더\tomcat\webapps\ROOT]을(를) 배치합니다.
02-Dec-2020 20:28:13.365 정보 [localhost-startStop-1] org.apache.catalina.startup.HostConfig.deployDirectory 웹 애플리케이션 디렉토리 [C:\JSP폴더\tomcat\webapps\ROOT]에 대한 배치가 [25] 밀리초에 완료되었습니다.
02-Dec-2020 20:28:13.367 정보 [main] org.apache.catalina.startup.Catalina.start Server startup in 585 ms
02-Dec-2020 20:28:13.371 심각 [main] org.apache.catalina.core.StandardServer.await StandardServer.await: create[localhost:8005]: 
	java.net.BindException: Address already in use: JVM_Bind
		at java.net.DualStackPlainSocketImpl.bind0(Native Method)
		at java.net.DualStackPlainSocketImpl.socketBind(Unknown Source)
		at java.net.AbstractPlainSocketImpl.bind(Unknown Source)
		at java.net.PlainSocketImpl.bind(Unknown Source)
		at java.net.ServerSocket.bind(Unknown Source)
		at java.net.ServerSocket.<init>(Unknown Source)
		at org.apache.catalina.core.StandardServer.await(StandardServer.java:421)
		at org.apache.catalina.startup.Catalina.await(Catalina.java:776)
		at org.apache.catalina.startup.Catalina.start(Catalina.java:722)
		at sun.reflect.NativeMethodAccessorImpl.invoke0(Native Method)
		at sun.reflect.NativeMethodAccessorImpl.invoke(Unknown Source)
		at sun.reflect.DelegatingMethodAccessorImpl.invoke(Unknown Source)
		at java.lang.reflect.Method.invoke(Unknown Source)
		at org.apache.catalina.startup.Bootstrap.start(Bootstrap.java:342)
		at org.apache.catalina.startup.Bootstrap.main(Bootstrap.java:473)
02-Dec-2020 20:28:13.372 정보 [main] org.apache.coyote.AbstractProtocol.pause 프로토콜 핸들러 ["http-nio-9090"]을(를) 일시 정지 중
02-Dec-2020 20:28:13.372 정보 [main] org.apache.catalina.core.StandardService.stopInternal 서비스 [Catalina]을(를) 중지시킵니다.
02-Dec-2020 20:28:13.386 정보 [main] org.apache.coyote.AbstractProtocol.stop 프로토콜 핸들러 ["http-nio-9090"]을(를) 중지시킵니다.
02-Dec-2020 20:28:13.387 정보 [main] org.apache.coyote.AbstractProtocol.destroy 프로토콜 핸들러 ["http-nio-9090"]을(를) 소멸시킵니다.
02-Dec-2020 20:28:45.872 정보 [Thread-5] org.apache.coyote.AbstractProtocol.pause 프로토콜 핸들러 ["http-nio-9090"]을(를) 일시 정지 중
02-Dec-2020 20:28:46.089 정보 [Thread-5] org.apache.catalina.core.StandardService.stopInternal 서비스 [Catalina]을(를) 중지시킵니다.
02-Dec-2020 20:28:46.089 정보 [Thread-5] org.apache.coyote.AbstractProtocol.stop 프로토콜 핸들러 ["http-nio-9090"]을(를) 중지시킵니다.
02-Dec-2020 20:28:46.105 정보 [Thread-5] org.apache.coyote.AbstractProtocol.destroy 프로토콜 핸들러 ["http-nio-9090"]을(를) 소멸시킵니다.
