[2020-12-02 19:50:55] [info]  [14264] Apache Commons Daemon procrun (1.2.3.0 64-bit) started.
[2020-12-02 19:50:55] [info]  [14264] Installing service 'Tomcat8' name 'Apache Tomcat 8.5 Tomcat8'.
[2020-12-02 19:50:55] [info]  [14264] Service 'Tomcat8' installed.
[2020-12-02 19:50:55] [info]  [14264] Apache Commons Daemon procrun finished.
[2020-12-02 19:50:55] [info]  [  480] Apache Commons Daemon procrun (1.2.3.0 64-bit) started.
[2020-12-02 19:50:55] [info]  [  480] Updating service...
[2020-12-02 19:50:55] [info]  [  480] Updated service 'Tomcat8'.
[2020-12-02 19:50:55] [info]  [  480] Finished updating service 'Tomcat8'.
[2020-12-02 19:50:55] [info]  [  480] Apache Commons Daemon procrun finished.
[2020-12-02 19:50:56] [info]  [ 1144] Apache Commons Daemon procrun (1.2.3.0 64-bit) started.
[2020-12-02 19:50:56] [info]  [ 1144] Updating service...
[2020-12-02 19:50:56] [info]  [ 1144] Updated service 'Tomcat8'.
[2020-12-02 19:50:56] [info]  [ 1144] Finished updating service 'Tomcat8'.
[2020-12-02 19:50:56] [info]  [ 1144] Apache Commons Daemon procrun finished.
[2020-12-02 19:50:57] [info]  [11904] Apache Commons Daemon procrun (1.2.3.0 64-bit) started.
[2020-12-02 19:50:57] [info]  [11904] Updating service...
[2020-12-02 19:50:57] [info]  [11904] Updated service 'Tomcat8'.
[2020-12-02 19:50:57] [info]  [11904] Finished updating service 'Tomcat8'.
[2020-12-02 19:50:57] [info]  [11904] Apache Commons Daemon procrun finished.
[2020-12-02 19:50:57] [info]  [11332] Apache Commons Daemon procrun (1.2.3.0 64-bit) started.
[2020-12-02 19:50:57] [info]  [11332] Updating service...
[2020-12-02 19:50:57] [info]  [11332] Updated service 'Tomcat8'.
[2020-12-02 19:50:57] [info]  [11332] Finished updating service 'Tomcat8'.
[2020-12-02 19:50:57] [info]  [11332] Apache Commons Daemon procrun finished.
[2020-12-02 19:50:57] [info]  [ 8716] Apache Commons Daemon procrun (1.2.3.0 64-bit) started.
[2020-12-02 19:50:57] [info]  [ 8716] Updating service...
[2020-12-02 19:50:57] [info]  [ 8716] Updated service 'Tomcat8'.
[2020-12-02 19:50:57] [info]  [ 8716] Finished updating service 'Tomcat8'.
[2020-12-02 19:50:57] [info]  [ 8716] Apache Commons Daemon procrun finished.
[2020-12-02 19:51:28] [info]  [12384] Apache Commons Daemon procrun (1.2.3.0 64-bit) started.
[2020-12-02 19:51:28] [info]  [12384] Running Service 'Tomcat8'...
[2020-12-02 19:51:28] [info]  [13304] Starting service...
[2020-12-02 19:51:30] [info]  [13304] Service started in 1499 milliseconds.
[2020-12-02 19:59:35] [info]  [ 8988] Apache Commons Daemon procrun (1.2.3.0 64-bit) started.
[2020-12-02 19:59:35] [info]  [ 8988] Debugging 'Tomcat8' service...
[2020-12-02 19:59:35] [info]  [ 8988] Starting service...
[2020-12-02 19:59:36] [info]  [ 8988] Service started in 1330 milliseconds.
[2020-12-02 19:59:37] [info]  [ 8988] Debug service finished with exit code 0.
[2020-12-02 19:59:37] [info]  [ 8988] Apache Commons Daemon procrun finished.
[2020-12-02 20:00:17] [info]  [15116] Apache Commons Daemon procrun (1.2.3.0 64-bit) started.
[2020-12-02 20:00:17] [info]  [15116] Debugging 'Tomcat8' service...
[2020-12-02 20:00:17] [info]  [15116] Starting service...
[2020-12-02 20:00:18] [info]  [15116] Service started in 1268 milliseconds.
[2020-12-02 20:00:20] [info]  [15116] Debug service finished with exit code 0.
[2020-12-02 20:00:20] [info]  [15116] Apache Commons Daemon procrun finished.
[2020-12-02 20:06:49] [info]  [ 2736] Apache Commons Daemon procrun (1.2.3.0 64-bit) started.
[2020-12-02 20:06:49] [info]  [ 2736] Debugging 'Tomcat8' service...
[2020-12-02 20:06:49] [info]  [ 2736] Starting service...
[2020-12-02 20:06:51] [info]  [ 2736] Service started in 1291 milliseconds.
[2020-12-02 20:06:52] [info]  [ 2736] Debug service finished with exit code 0.
[2020-12-02 20:06:52] [info]  [ 2736] Apache Commons Daemon procrun finished.
[2020-12-02 20:07:06] [info]  [ 2880] Stopping service...
[2020-12-02 20:07:07] [info]  [ 2880] Service stop thread completed.
[2020-12-02 20:07:07] [info]  [12384] Run service finished.
[2020-12-02 20:07:07] [info]  [12384] Apache Commons Daemon procrun finished.
[2020-12-02 20:07:10] [info]  [14152] Apache Commons Daemon procrun (1.2.3.0 64-bit) started.
[2020-12-02 20:07:10] [info]  [14152] Running Service 'Tomcat8'...
[2020-12-02 20:07:10] [info]  [15636] Starting service...
[2020-12-02 20:07:12] [info]  [15636] Service started in 1477 milliseconds.
[2020-12-02 20:17:21] [info]  [12844] Stopping service...
[2020-12-02 20:17:23] [info]  [12844] Service stop thread completed.
[2020-12-02 20:17:23] [info]  [14152] Run service finished.
[2020-12-02 20:17:23] [info]  [14152] Apache Commons Daemon procrun finished.
[2020-12-02 20:20:45] [info]  [ 5676] Apache Commons Daemon procrun (1.2.3.0 64-bit) started.
[2020-12-02 20:20:45] [info]  [ 5676] Debugging 'Tomcat8' service...
[2020-12-02 20:20:45] [info]  [ 5676] Starting service...
[2020-12-02 20:20:46] [info]  [ 5676] Service started in 1308 milliseconds.
[2020-12-02 20:21:00] [info]  [16692] Console CTRL+CLOSE event signaled.
[2020-12-02 20:21:00] [info]  [16692] Stopping service...
[2020-12-02 20:21:01] [info]  [16692] Service stop thread completed.
[2020-12-02 20:21:03] [info]  [ 2248] Apache Commons Daemon procrun (1.2.3.0 64-bit) started.
[2020-12-02 20:21:03] [info]  [ 2248] Debugging 'Tomcat8' service...
[2020-12-02 20:21:03] [info]  [ 2248] Starting service...
[2020-12-02 20:21:05] [info]  [ 2248] Service started in 1173 milliseconds.
[2020-12-02 20:21:46] [info]  [ 4780] Apache Commons Daemon procrun (1.2.3.0 64-bit) started.
[2020-12-02 20:21:46] [info]  [ 4780] Running Service 'Tomcat8'...
[2020-12-02 20:21:46] [info]  [ 1792] Starting service...
[2020-12-02 20:21:47] [info]  [ 1792] Service started in 1162 milliseconds.
[2020-12-02 20:21:47] [info]  [ 4780] Run service finished.
[2020-12-02 20:21:47] [info]  [ 4780] Apache Commons Daemon procrun finished.
[2020-12-02 20:22:02] [info]  [ 5724] Console CTRL+CLOSE event signaled.
[2020-12-02 20:22:02] [info]  [ 5724] Stopping service...
[2020-12-02 20:22:10] [info]  [10396] Apache Commons Daemon procrun (1.2.3.0 64-bit) started.
[2020-12-02 20:22:10] [info]  [10396] Debugging 'Tomcat8' service...
[2020-12-02 20:22:10] [info]  [10396] Starting service...
[2020-12-02 20:22:11] [info]  [10396] Service started in 1189 milliseconds.
[2020-12-02 20:22:32] [info]  [17804] Console CTRL+CLOSE event signaled.
[2020-12-02 20:22:32] [info]  [17804] Stopping service...
[2020-12-02 20:24:00] [info]  [ 5248] Apache Commons Daemon procrun (1.2.3.0 64-bit) started.
[2020-12-02 20:24:00] [info]  [ 5248] Debugging 'Tomcat8' service...
[2020-12-02 20:24:00] [info]  [ 5248] Starting service...
[2020-12-02 20:24:01] [info]  [ 5248] Service started in 1177 milliseconds.
[2020-12-02 20:28:11] [info]  [12328] Apache Commons Daemon procrun (1.2.3.0 64-bit) started.
[2020-12-02 20:28:11] [info]  [12328] Running Service 'Tomcat8'...
[2020-12-02 20:28:11] [info]  [18148] Starting service...
[2020-12-02 20:28:13] [info]  [18148] Service started in 1168 milliseconds.
[2020-12-02 20:28:13] [info]  [12328] Run service finished.
[2020-12-02 20:28:13] [info]  [12328] Apache Commons Daemon procrun finished.
[2020-12-02 20:28:45] [info]  [11252] Console CTRL+CLOSE event signaled.
[2020-12-02 20:28:45] [info]  [11252] Stopping service...
[2020-12-02 20:28:46] [info]  [11252] Service stop thread completed.
